Log file open, 02/08/17 10:54:45
LogInit:Display: Running engine for game: MyProject_1227
LogPlatformFile: Not using cached read wrapper
LogInit:Display: RandInit(1205919981) SRandInit(1205919983).
LogTaskGraph: Started task graph with 4 named threads and 7 total threads with 1 sets of task threads.
LogStats: Stats thread started at 3.723567
LogInit: Version: 4.12.5-3039270+++UE4+Release-4.12
LogInit: API Version: 2992821
LogInit: Net Version: 3039270
LogDevObjectVersion: Number of dev versions registered: 13
LogDevObjectVersion:   Dev-Blueprints (B0D832E4-1F89-4F0D-ACCF-7EB736FD4AA2): 3
LogDevObjectVersion:   Dev-Build (E1C64328-A22C-4D53-A36C-8E866417BD8C): 0
LogDevObjectVersion:   Dev-Core (375EC13C-06E4-48FB-B500-84F0262A717E): 1
LogDevObjectVersion:   Dev-Editor (E4B068ED-F494-42E9-A231-DA0B2E46BB41): 2
LogDevObjectVersion:   Dev-Framework (CFFC743F-43B0-4480-9391-14DF171D2073): 6
LogDevObjectVersion:   Dev-Mobile (B02B49B5-BB20-44E9-A304-32B752E40360): 0
LogDevObjectVersion:   Dev-Networking (A4E4105C-59A1-49B5-A7C5-40C4547EDFEE): 0
LogDevObjectVersion:   Dev-Online (39C831C9-5AE6-47DC-9A44-9C173E1C8E7C): 0
LogDevObjectVersion:   Dev-Physics (78F01B33-EBEA-4F98-B9B4-84EACCB95AA2): 0
LogDevObjectVersion:   Dev-Platform (6631380F-2D4D-43E0-8009-CF276956A95A): 0
LogDevObjectVersion:   Dev-Rendering (12F88B9F-8875-4AFC-A67C-D90C383ABD29): 2
LogDevObjectVersion:   Dev-Sequencer (7B5AE74C-D270-4C10-A958-57980B212A5A): 0
LogDevObjectVersion:   Dev-VR (D7296918-1DD6-4BDD-9DE2-64A83CC13884): 0
LogInit: Compiled (64-bit): Jul  6 2016 09:09:46
LogInit: Compiled with Visual C++: 19.00.23026.00
LogInit: Build Configuration: Development
LogInit: Branch Name: ++UE4+Release-4.12
LogInit: Command line:  
LogInit: Base directory: F:/UE4/Epic Games/4.12/Engine/Binaries/Win64/
LogInit: Installed Engine Build: 1
LogInit: Using libcurl 7.41.0
LogInit:  - built for x86_64-pc-win32
LogInit:  - supports SSL with WinSSL
LogInit:  - other features:
LogInit:      CURL_VERSION_SSL
LogInit:      CURL_VERSION_IPV6
LogInit:      CURL_VERSION_ASYNCHDNS
LogInit:      CURL_VERSION_LARGEFILE
LogInit:      CURL_VERSION_IDN
LogInit:  CurlRequestOptions (configurable via config and command line):
LogInit:  - bVerifyPeer = true  - Libcurl will verify peer certificate
LogInit:  - bUseHttpProxy = false  - Libcurl will NOT use HTTP proxy
LogInit:  - bDontReuseConnections = false  - Libcurl will reuse connections
LogInit:  - CertBundlePath = nullptr  - Libcurl will use whatever was configured at build time.
LogInit: Presizing for max 8388607 objects, including 0 objects not considered by GC, pre-allocating 0 bytes for permanent pool.
LogInit: Object subsystem initialized
[2017.02.08-02.54.45:858][  0]LogInit: Selected Device Profile: [Windows]
[2017.02.08-02.54.45:858][  0]LogInit: Applying CVar settings loaded from the selected device profile: [Windows]
[2017.02.08-02.54.45:947][  0]LogInit: Computer: KTS-20160508KDA
[2017.02.08-02.54.45:969][  0]LogInit: User: Administrator
[2017.02.08-02.54.45:969][  0]LogInit: CPU Page size=65536, Cores=4
[2017.02.08-02.54.45:969][  0]LogInit: High frequency timer resolution =3.914228 MHz
[2017.02.08-02.54.45:975][  0]LogMemory: Memory total: Physical=31.9GB (32GB approx)
[2017.02.08-02.54.45:975][  0]LogMemory: Platform Memory Stats for Windows
[2017.02.08-02.54.45:975][  0]LogMemory: Process Physical Memory: 192.86 MB used, 192.86 MB peak
[2017.02.08-02.54.45:975][  0]LogMemory: Process Virtual Memory: 197.07 MB used, 197.07 MB peak
[2017.02.08-02.54.45:975][  0]LogMemory: Physical Memory: 7746.89 MB used, 32687.54 MB total
[2017.02.08-02.54.45:975][  0]LogMemory: Virtual Memory: 518.60 MB used, 8388608.00 MB total
[2017.02.08-02.54.47:772][  0]LogD3D11RHI: D3D11 adapters:
[2017.02.08-02.54.47:796][  0]LogD3D11RHI:    0. 'NVIDIA GeForce GTX 980 Ti' (Feature Level 11_0)
[2017.02.08-02.54.47:796][  0]LogD3D11RHI:       6048/0/16087 MB DedicatedVideo/DedicatedSystem/SharedSystem, Outputs:2, VendorId:0x10de
[2017.02.08-02.54.47:796][  0]LogD3D11RHI: Chosen D3D11 Adapter: 0
[2017.02.08-02.54.47:808][  0]LogD3D11RHI: Creating new Direct3DDevice
[2017.02.08-02.54.47:808][  0]LogD3D11RHI:     GPU DeviceId: 0x17c8 (for the marketing name, search the web for "GPU Device Id")
[2017.02.08-02.54.47:808][  0]LogWindows: EnumDisplayDevices:
[2017.02.08-02.54.47:809][  0]LogWindows:    0. 'NVIDIA GeForce GTX 980 Ti' (P:1 D:1)
[2017.02.08-02.54.47:810][  0]LogWindows:    1. 'NVIDIA GeForce GTX 980 Ti' (P:0 D:1)
[2017.02.08-02.54.47:811][  0]LogWindows:    2. 'NVIDIA GeForce GTX 980 Ti' (P:0 D:0)
[2017.02.08-02.54.47:812][  0]LogWindows:    3. 'NVIDIA GeForce GTX 980 Ti' (P:0 D:0)
[2017.02.08-02.54.47:813][  0]LogWindows:    4. 'RDPDD Chained DD' (P:0 D:0)
[2017.02.08-02.54.47:814][  0]LogWindows:    5. 'RDP Encoder Mirror Driver' (P:0 D:0)
[2017.02.08-02.54.47:815][  0]LogWindows:    6. 'RDP Reflector Display Driver' (P:0 D:0)
[2017.02.08-02.54.47:816][  0]LogWindows: DebugString: GetVideoDriverDetailsInvalid PrimaryIsNotTheChoosenAdapter GetVideoDriverDetailsInvalid PrimaryIsNotTheChoosenAdapter GetVideoDriverDetailsInvalid PrimaryIsNotTheChoosenAdapter FoundDriverCount:4 
[2017.02.08-02.54.47:816][  0]LogD3D11RHI:     Adapter Name: NVIDIA GeForce GTX 980 Ti
[2017.02.08-02.54.47:816][  0]LogD3D11RHI:   Driver Version: 353.06 (internal:9.18.13.5306, unified:353.06)
[2017.02.08-02.54.47:816][  0]LogD3D11RHI:      Driver Date: 5-27-2015
[2017.02.08-02.54.47:816][  0]LogRHI: Texture pool is 1361 MB (70% of 1945 MB)
[2017.02.08-02.54.47:829][  0]LogD3D11RHI: Async texture creation enabled
[2017.02.08-02.54.48:107][  0]LogD3D11RHI: GPU Timing Frequency: 1000.000000 (Debug: 2 2)
[2017.02.08-02.54.48:221][  0]LogShaderCompilers: Guid format shader working directory is 17 characters bigger than the processId version (G:/test_rpg_1225/MyProject_1227/Intermediate/Shaders/WorkingDirectory/14364/).
[2017.02.08-02.54.48:221][  0]LogShaderCompilers: Cleaned the shader compiler working directory 'C:/Users/ADMINI~1/AppData/Local/Temp/UnrealShaderWorkingDir/A9B660444D5D665A9DEB37A5A936A12E/'.
[2017.02.08-02.54.48:245][  0]LogShaderCompilers:Display: Using Local Shader Compiler.
[2017.02.08-02.54.51:445][  0]LogTemp:Display: Loaded TP AllDesktopTargetPlatform
[2017.02.08-02.54.51:455][  0]LogTemp:Display: Loaded TP WindowsClientTargetPlatform
[2017.02.08-02.54.51:465][  0]LogTemp:Display: Loaded TP WindowsNoEditorTargetPlatform
[2017.02.08-02.54.51:476][  0]LogTemp:Display: Loaded TP WindowsServerTargetPlatform
[2017.02.08-02.54.51:487][  0]LogTemp:Display: Loaded TP WindowsTargetPlatform
[2017.02.08-02.54.51:508][  0]LogTemp:Display: Loaded TP AndroidTargetPlatform
[2017.02.08-02.54.51:517][  0]LogTemp:Display: Loaded TP Android_ASTCTargetPlatform
[2017.02.08-02.54.51:526][  0]LogTemp:Display: Loaded TP Android_ATCTargetPlatform
[2017.02.08-02.54.51:535][  0]LogTemp:Display: Loaded TP Android_DXTTargetPlatform
[2017.02.08-02.54.51:545][  0]LogTemp:Display: Loaded TP Android_ETC1TargetPlatform
[2017.02.08-02.54.51:554][  0]LogTemp:Display: Loaded TP Android_ETC2TargetPlatform
[2017.02.08-02.54.51:573][  0]LogTemp:Display: Loaded TP Android_MultiTargetPlatform
[2017.02.08-02.54.51:573][  0]LogTemp:Display: Loaded TP Android_PVRTCTargetPlatform
[2017.02.08-02.54.51:574][  0]LogTemp:Display: Loaded TP HTML5TargetPlatform
[2017.02.08-02.54.51:641][  0]LogTemp:Display: Loaded TP IOSTargetPlatform
[2017.02.08-02.54.51:649][  0]LogTemp:Display: Loaded TP TVOSTargetPlatform
[2017.02.08-02.54.51:658][  0]LogTemp:Display: Loaded TP LinuxNoEditorTargetPlatform
[2017.02.08-02.54.51:667][  0]LogTemp:Display: Loaded TP LinuxServerTargetPlatform
[2017.02.08-02.54.51:692][  0]LogTemp:Display: Loaded TP LinuxTargetPlatform
[2017.02.08-02.54.51:692][  0]LogTargetPlatformManager:Display: Building Assets For Windows
[2017.02.08-02.54.52:167][  0]LogDerivedDataCache:Display: Max Cache Size: 512 MB
[2017.02.08-02.54.52:309][  0]LogDerivedDataCache: Loaded boot cache 0.14s 48MB C:/Users/Administrator/AppData/Local/UnrealEngine/4.12/DerivedDataCache/Boot.ddc.
[2017.02.08-02.54.52:309][  0]LogDerivedDataCache:Display: Loaded Boot cache: C:/Users/Administrator/AppData/Local/UnrealEngine/4.12/DerivedDataCache/Boot.ddc
[2017.02.08-02.54.52:309][  0]LogDerivedDataCache: FDerivedDataBackendGraph:  Pak pak cache file G:/test_rpg_1225/MyProject_1227/DerivedDataCache/DDC.ddp not found, will not use a pak cache.
[2017.02.08-02.54.52:309][  0]LogDerivedDataCache: Unable to find inner node Pak for hierarchical cache Hierarchy.
[2017.02.08-02.54.52:309][  0]LogDerivedDataCache: FDerivedDataBackendGraph:  CompressedPak pak cache file G:/test_rpg_1225/MyProject_1227/DerivedDataCache/Compressed.ddp not found, will not use a pak cache.
[2017.02.08-02.54.52:309][  0]LogDerivedDataCache: Unable to find inner node CompressedPak for hierarchical cache Hierarchy.
[2017.02.08-02.54.52:387][  0]LogDerivedDataCache:Display: Pak cache opened for reading ../../../Engine/DerivedDataCache/Compressed.ddp.
[2017.02.08-02.54.52:401][  0]LogDerivedDataCache: Using Local data cache path C:/Users/Administrator/AppData/Local/UnrealEngine/Common/DerivedDataCache: Writable
[2017.02.08-02.54.56:251][  0]LogInit: Selected Device Profile: [Windows]
[2017.02.08-02.54.56:268][  0]LogContentStreaming: Texture pool size is 0.00 MB
[2017.02.08-02.54.57:807][  0]LogMeshUtilities: No automatic mesh reduction module available
[2017.02.08-02.54.57:807][  0]LogMeshUtilities: No automatic mesh merging module available
[2017.02.08-02.54.57:807][  0]LogMeshUtilities: No distributed automatic mesh merging module available
[2017.02.08-02.54.59:697][  0]LogAssetRegistry: FAssetRegistry took 0.0207 seconds to start up
[2017.02.08-02.55.00:102][  0]LogPackageLocalizationCache: Processed 3 localized package path(s) for 1 prioritized culture(s) in 0.049851 seconds
[2017.02.08-02.55.00:187][  0]LogUObjectArray: 28739 objects as part of root set at end of initial load.
[2017.02.08-02.55.00:187][  0]LogUObjectAllocator: 5855624 out of 0 bytes used by permanent object pool.
[2017.02.08-02.55.00:187][  0]LogUObjectArray: CloseDisregardForGC: 0/0 objects in disregard for GC pool
[2017.02.08-02.55.00:470][  0]LogInit: WinSock: version 1.1 (2.2), MaxSocks=32767, MaxUdp=65467
[2017.02.08-02.55.03:062][  0]LogSlate: SlateFontCache - WITH_FREETYPE: 1, WITH_HARFBUZZ: 1
[2017.02.08-02.55.03:062][  0]LogSlate: SlateFontCache - WITH_FREETYPE: 1, WITH_HARFBUZZ: 1
[2017.02.08-02.55.06:512][  0]LogSubstanceCoreModule: Substance CPU Engine Loaded, Max Texture Size 2048
[2017.02.08-02.55.06:671][  0]LogUdpMessaging: Initializing bridge on interface 0.0.0.0:0 to multicast group 230.0.0.1:6666.
[2017.02.08-02.55.08:073][  0]SourceControl: Info Source control is disabled
[2017.02.08-02.55.08:082][  0]SourceControl: Info Source control is disabled
[2017.02.08-02.55.08:189][  0]SourceControl: Info Source control is disabled
[2017.02.08-02.55.08:297][  0]SourceControl: Info Source control is disabled
[2017.02.08-02.55.10:811][  0]LogEngine: Initializing Engine...
[2017.02.08-02.55.10:836][  0]LogHMD: SteamVR failed to initialize.  Err: 110
[2017.02.08-02.55.10:838][  0]LogHMD: SteamVR failed to initialize.  Err: 110
[2017.02.08-02.55.11:482][  0]LogAIModule: Creating AISystem for world NewWorld
[2017.02.08-02.55.11:645][  0]LogInit: XAudio2 using '扬声器 (Realtek High Definition Audio)' : 2 channels at 48 kHz using 32 bits per sample (channel mask 0x3)
[2017.02.08-02.55.11:955][  0]LogInit: FAudioDevice initialized.
[2017.02.08-02.55.11:979][  0]LogDerivedDataCache: Saved boot cache 0.02s 48MB C:/Users/Administrator/AppData/Local/UnrealEngine/4.12/DerivedDataCache/Boot.ddc.
[2017.02.08-02.55.11:982][  0]LogInit: Texture streaming: Enabled
[2017.02.08-02.55.12:204][  0]LogInit: Transaction tracking system initialized
[2017.02.08-02.55.12:637][  0]BlueprintLog: New page: Editor Load
[2017.02.08-02.55.13:877][  0]LocalizationService: Info Localization service is disabled
[2017.02.08-02.55.14:506][  0]LogConsoleResponse:Display: 
[2017.02.08-02.55.15:258][  0]LogCook:Display: Max memory allowance for cook 8192mb
[2017.02.08-02.55.15:258][  0]LogCook:Display: Mobile HDR setting 1
[2017.02.08-02.55.15:600][  0]LogFileCache: Scanning file cache for directory 'G:/test_rpg_1225/MyProject_1227/Content/' took 0.02s
[2017.02.08-02.55.16:367][  0]SourceControl: Info Source control is disabled
[2017.02.08-02.55.16:428][  0]Cmd: MAP LOAD FILE="G:/test_rpg_1225/MyProject_1227/Content/ThirdPersonBP/Maps/wx_test_02.umap" TEMPLATE=0 SHOWPROGRESS=1 FEATURELEVEL=3
[2017.02.08-02.55.16:513][  0]LightingResults: New page: Lighting Build
[2017.02.08-02.55.16:658][  0]MapCheck: New page: Map Check
[2017.02.08-02.55.16:658][  0]LightingResults: New page: Lighting Build
[2017.02.08-02.55.20:081][  0]LogBlueprint:Warning: USimpleConstructionScript::FixupRootNodeParentReferences() - Couldn't find inherited parent component 'Scene1' for 'WeaponCollision' in BlueprintGeneratedClass 'REINST_Item_Weapon_C_116' (it may have been removed)
[2017.02.08-02.55.20:081][  0]LogBlueprint:Warning: USimpleConstructionScript::FixupRootNodeParentReferences() - Couldn't find inherited parent component 'StaticMesh' for 'ParticleSystem' in BlueprintGeneratedClass 'REINST_Item_Weapon_C_116' (it may have been removed)
[2017.02.08-02.55.20:532][  0]LogBlueprint:Warning: Compiler Warning InputAction Event references unknown Action 'SecondaryAttack' for  InputAction SecondaryAttack 
[2017.02.08-02.55.20:532][  0]LogBlueprint:Warning: Compiler Warning InputAction Event references unknown Action 'Attack' for  InputAction Attack 
[2017.02.08-02.55.20:532][  0]LogBlueprint:Warning: Compiler Warning InputAction Event references unknown Action 'Use' for  InputAction Use 
[2017.02.08-02.55.20:532][  0]LogBlueprint:Warning: Compiler Warning InputAction Event references unknown Action 'Inventory' for  InputAction Inventory 
[2017.02.08-02.55.20:532][  0]LogBlueprint:Warning: Compiler Warning 'LastUsedItem' is already a 'Item', you don't need  Cast To Item .
[2017.02.08-02.55.20:533][  0]LogBlueprint:Warning: Compiler Warning InputAction Event references unknown Action 'Use' for  InputAction Use 
[2017.02.08-02.55.20:555][  0]LogBlueprint:Warning: Compiler Warning [0043.20] Compile of RPGCharacter successful, but with 6 Warning(s) [in 51 ms] (/Game/RPGStarterKit/Blueprints/Characters/RPGCharacter.RPGCharacter)
[2017.02.08-02.55.20:557][  0]LogBlueprint:Warning: Compiler Warning [0043.20] Compile of RPGCharacter successful, but with 7 Warning(s) [in 1 ms] (/Game/RPGStarterKit/Blueprints/Characters/RPGCharacter.RPGCharacter)
[2017.02.08-02.55.20:557][  0]LogBlueprint:Warning: Compiler Warning [0043.20] Compile of RPGCharacter successful, but with 8 Warning(s) [in 0 ms] (/Game/RPGStarterKit/Blueprints/Characters/RPGCharacter.RPGCharacter)
[2017.02.08-02.55.20:870][  0]LogBlueprint:Warning: Compiler Warning InputAction Event references unknown Action 'SecondaryAttack' for  InputAction SecondaryAttack 
[2017.02.08-02.55.20:870][  0]LogBlueprint:Warning: Compiler Warning InputAction Event references unknown Action 'Attack' for  InputAction Attack 
[2017.02.08-02.55.20:870][  0]LogBlueprint:Warning: Compiler Warning InputAction Event references unknown Action 'Use' for  InputAction Use 
[2017.02.08-02.55.20:870][  0]LogBlueprint:Warning: Compiler Warning InputAction Event references unknown Action 'Inventory' for  InputAction Inventory 
[2017.02.08-02.55.20:871][  0]LogBlueprint:Warning: Compiler Warning 'LastUsedItem' is already a 'Item', you don't need  Cast To Item .
[2017.02.08-02.55.20:871][  0]LogBlueprint:Warning: Compiler Warning InputAction Event references unknown Action 'Use' for  InputAction Use 
[2017.02.08-02.55.20:894][  0]LogBlueprint:Warning: Compiler Warning [0043.54] Compile of RPGCharacter successful, but with 6 Warning(s) [in 52 ms] (/Game/RPGStarterKit/Blueprints/Characters/RPGCharacter.RPGCharacter)
[2017.02.08-02.55.20:894][  0]LogBlueprint:Warning: Compiler Warning [0043.54] Compile of RPGCharacter successful, but with 7 Warning(s) [in 0 ms] (/Game/RPGStarterKit/Blueprints/Characters/RPGCharacter.RPGCharacter)
[2017.02.08-02.55.20:897][  0]LogBlueprint:Warning: Compiler Warning [0043.54] Compile of RPGCharacter successful, but with 8 Warning(s) [in 2 ms] (/Game/RPGStarterKit/Blueprints/Characters/RPGCharacter.RPGCharacter)
[2017.02.08-02.55.24:230][  0]LogAIModule: Creating AISystem for world wx_test_02
[2017.02.08-02.55.24:790][  0]LogEditorServer: Finished looking for orphan Actors (0.000 secs)
[2017.02.08-02.55.24:869][  0]Cmd: MAP CHECKDEP NOCLEARLOG
[2017.02.08-02.55.24:987][  0]MapCheck: Info Map check complete: 0 Error(s), 0 Warning(s), took 118.19ms to complete.
[2017.02.08-02.55.24:987][  0]LogFileHelpers: Loading map 'wx_test_02' took 8.594
[2017.02.08-02.55.25:745][  0]LogCollectionManager: Loaded 0 collections in 0.001916 seconds
[2017.02.08-02.55.25:869][  0]LogFileCache: Scanning file cache for directory 'G:/test_rpg_1225/MyProject_1227/Saved/Collections/' took 0.01s
[2017.02.08-02.55.25:869][  0]LogFileCache: Scanning file cache for directory 'G:/test_rpg_1225/MyProject_1227/Content/Developers/Administrator/Collections/' took 0.01s
[2017.02.08-02.55.25:869][  0]LogFileCache: Scanning file cache for directory 'G:/test_rpg_1225/MyProject_1227/Content/Collections/' took 0.01s
[2017.02.08-02.55.25:869][  0]LogCollectionManager: Rebuilt the GUID cache for 0 collections in 0.000003 seconds
[2017.02.08-02.55.25:918][  0]LogContentBrowser: Native class hierarchy populated in 0.0090 seconds. Added 2062 classes and 375 folders.
[2017.02.08-02.55.25:971][  0]LogStats: UGameplayTagsManager::ConstructGameplayTagTree: Construct from data asset -  0.000 s
[2017.02.08-02.55.25:971][  0]LogStats: UGameplayTagsManager::ConstructGameplayTagTree: GameplayTagTreeChangedEvent.Broadcast -  0.000 s
[2017.02.08-02.55.25:972][  0]LogContentBrowser: Native class hierarchy updated for 'GameplayTags' in 0.0005 seconds. Added 12 classes and 0 folders.
[2017.02.08-02.55.26:001][  0]LogContentBrowser: Native class hierarchy updated for 'WidgetCarousel' in 0.0004 seconds. Added 0 classes and 0 folders.
[2017.02.08-02.55.26:591][  0]LogContentBrowser: Native class hierarchy updated for 'AddContentDialog' in 0.0005 seconds. Added 0 classes and 0 folders.
[2017.02.08-02.55.27:009][  0]LogContentBrowser: Native class hierarchy updated for 'SceneOutliner' in 0.0005 seconds. Added 1 classes and 2 folders.
[2017.02.08-02.55.27:586][  0]LogCrashTracker: Crashtracker disabled due to settings.
[2017.02.08-02.55.27:700][  0]LogUObjectGlobals:Warning: Failed to find object 'Class None.'
[2017.02.08-02.55.27:798][  0]LogContentBrowser: Native class hierarchy updated for 'HierarchicalLODOutliner' in 0.0005 seconds. Added 1 classes and 2 folders.
[2017.02.08-02.55.27:798][  0]LogLoad: Full Startup: 50.44 seconds (BP compile: 1.35 seconds)
[2017.02.08-02.55.27:798][  0]LogExternalProfiler: Found external profiler: VSPerf
[2017.02.08-02.55.27:798][  0]LogExternalProfiler: Using external profiler: VSPerf
[2017.02.08-02.55.28:149][  0]LogOcInput: OculusInput pre-init called
[2017.02.08-02.55.28:353][  0]LogContentStreaming: Texture pool size now 1000 MB
[2017.02.08-02.55.28:912][  0]LogRenderer: Reallocating scene render targets to support 1236x924 (Frame:2).
[2017.02.08-02.55.29:521][  2]LogAssetRegistry: Asset discovery search completed in 29.8432 seconds
[2017.02.08-02.55.29:521][  2]LogCollectionManager: Rebuilt the object cache for 0 collections in 0.000001 seconds (found 0 objects)
[2017.02.08-02.55.29:533][  2]LogCollectionManager: Fixed up redirectors for 0 collections in 0.011118 seconds (updated 0 objects)
[2017.02.08-02.55.44:190][ 47]LogSynthBenchmark:Display: FSynthBenchmark (V0.95):  requested WorkScale=5.00
[2017.02.08-02.55.44:190][ 47]LogSynthBenchmark:Display: ===============
[2017.02.08-02.55.44:190][ 47]LogSynthBenchmark:Display: Main Processor:
[2017.02.08-02.55.44:462][ 47]LogSynthBenchmark:Display:          ... 0.027006 s/Run 'RayIntersect'
[2017.02.08-02.55.44:462][ 47]LogSynthBenchmark:Display:          ... 0.027312 s/Run 'Fractal'
[2017.02.08-02.55.44:462][ 47]LogSynthBenchmark:Display: 
[2017.02.08-02.55.44:462][ 47]LogSynthBenchmark:Display:   CompiledTarget_x_Bits: 64
[2017.02.08-02.55.44:462][ 47]LogSynthBenchmark:Display:   UE_BUILD_SHIPPING: 0
[2017.02.08-02.55.44:462][ 47]LogSynthBenchmark:Display:   UE_BUILD_TEST: 0
[2017.02.08-02.55.44:462][ 47]LogSynthBenchmark:Display:   UE_BUILD_DEBUG: 0
[2017.02.08-02.55.44:462][ 47]LogSynthBenchmark:Display:   TotalPhysicalGBRam: 32
[2017.02.08-02.55.44:462][ 47]LogSynthBenchmark:Display:   NumberOfCores (physical): 4
[2017.02.08-02.55.44:462][ 47]LogSynthBenchmark:Display:   NumberOfCores (logical): 8
[2017.02.08-02.55.44:462][ 47]LogSynthBenchmark:Display:   CPU Perf Index 0: 94.8 (weight 1.00)
[2017.02.08-02.55.44:462][ 47]LogSynthBenchmark:Display:   CPU Perf Index 1: 104.7 (weight 1.50)
[2017.02.08-02.55.44:462][ 47]LogSynthBenchmark:Display:  
[2017.02.08-02.55.44:462][ 47]LogSynthBenchmark:Display: Graphics:
[2017.02.08-02.55.44:462][ 47]LogSynthBenchmark:Display:   Adapter Name: 'NVIDIA GeForce GTX 980 Ti'
[2017.02.08-02.55.44:462][ 47]LogSynthBenchmark:Display:   (On Optimus the name might be wrong, memory should be ok)
[2017.02.08-02.55.44:462][ 47]LogSynthBenchmark:Display:   Vendor Id: 0x10de
[2017.02.08-02.55.44:462][ 47]LogSynthBenchmark:Display:   Device Id: 0x17c8
[2017.02.08-02.55.44:462][ 47]LogSynthBenchmark:Display:   GPU Memory: 6049/0/16088 MB
[2017.02.08-02.55.44:469][ 47]LogSynthBenchmark:Display:   GPU first test: 0.00s
[2017.02.08-02.55.44:469][ 47]LogSynthBenchmark:Display:          ... 5.473 GigaPix/s, Confidence=89% 'ALUHeavyNoise' (likely to be very inaccurate)
[2017.02.08-02.55.44:469][ 47]LogSynthBenchmark:Display:          ... 4.471 GigaPix/s, Confidence=89% 'TexHeavy' (likely to be very inaccurate)
[2017.02.08-02.55.44:469][ 47]LogSynthBenchmark:Display:          ... 3.663 GigaPix/s, Confidence=100% 'DepTexHeavy' (likely to be very inaccurate)
[2017.02.08-02.55.44:469][ 47]LogSynthBenchmark:Display:          ... 7.880 GigaPix/s, Confidence=70% 'FillOnly' (likely to be very inaccurate)
[2017.02.08-02.55.44:469][ 47]LogSynthBenchmark:Display:          ... 1.131 GigaPix/s, Confidence=100% 'Bandwidth' (likely to be very inaccurate)
[2017.02.08-02.55.44:481][ 47]LogSynthBenchmark:Display:   GPU second test: 0.01s
[2017.02.08-02.55.44:481][ 47]LogSynthBenchmark:Display:          ... 13.867 GigaPix/s, Confidence=100% 'ALUHeavyNoise' (likely to be inaccurate)
[2017.02.08-02.55.44:481][ 47]LogSynthBenchmark:Display:          ... 11.333 GigaPix/s, Confidence=100% 'TexHeavy' (likely to be inaccurate)
[2017.02.08-02.55.44:481][ 47]LogSynthBenchmark:Display:          ... 9.202 GigaPix/s, Confidence=100% 'DepTexHeavy' (likely to be inaccurate)
[2017.02.08-02.55.44:481][ 47]LogSynthBenchmark:Display:          ... 43.257 GigaPix/s, Confidence=100% 'FillOnly' (likely to be inaccurate)
[2017.02.08-02.55.44:481][ 47]LogSynthBenchmark:Display:          ... 1.467 GigaPix/s, Confidence=100% 'Bandwidth' (likely to be inaccurate)
[2017.02.08-02.55.44:839][ 47]LogSynthBenchmark:Display:   GPU third test: 0.34s
[2017.02.08-02.55.44:839][ 47]LogSynthBenchmark:Display:          ... 18.367 GigaPix/s, Confidence=100% 'ALUHeavyNoise'
[2017.02.08-02.55.44:839][ 47]LogSynthBenchmark:Display:          ... 14.178 GigaPix/s, Confidence=100% 'TexHeavy'
[2017.02.08-02.55.44:839][ 47]LogSynthBenchmark:Display:          ... 12.919 GigaPix/s, Confidence=89% 'DepTexHeavy'
[2017.02.08-02.55.44:839][ 47]LogSynthBenchmark:Display:          ... 81.616 GigaPix/s, Confidence=100% 'FillOnly'
[2017.02.08-02.55.44:839][ 47]LogSynthBenchmark:Display:          ... 1.629 GigaPix/s, Confidence=100% 'Bandwidth'
[2017.02.08-02.55.44:839][ 47]LogSynthBenchmark:Display: 
[2017.02.08-02.55.44:839][ 47]LogSynthBenchmark:Display:   GPU Perf Index 0: 399.2 (weight 1.00)
[2017.02.08-02.55.44:839][ 47]LogSynthBenchmark:Display:   GPU Perf Index 1: 190.4 (weight 0.10)
[2017.02.08-02.55.44:839][ 47]LogSynthBenchmark:Display:   GPU Perf Index 2: 335.8 (weight 0.10)
[2017.02.08-02.55.44:839][ 47]LogSynthBenchmark:Display:   GPU Perf Index 3: 320.5 (weight 3.00)
[2017.02.08-02.55.44:839][ 47]LogSynthBenchmark:Display:   GPU Perf Index 4: 152.0 (weight 1.00)
[2017.02.08-02.55.44:839][ 47]LogSynthBenchmark:Display:   CPUIndex: 100.8
[2017.02.08-02.55.44:839][ 47]LogSynthBenchmark:Display:   GPUIndex: 301.0
[2017.02.08-02.55.44:839][ 47]LogSynthBenchmark:Display: 
[2017.02.08-02.55.44:839][ 47]LogSynthBenchmark:Display:          ... Total Time: 0.649118 sec
[2017.02.08-02.57.27:607][876]LogEditorViewport: Clicking on Actor (LMB): ThirdPersonCharacter_C (ThirdPersonCharacter)
[2017.02.08-02.57.37:191][752]LogLinker:Warning: Can't find file '/Game/Mannequin/Character/AI02/Mannequin/Character/Mesh/AI2_fllowman'
[2017.02.08-02.57.37:192][752]LogLinker:Warning: Can't find file '/Game/Mannequin/Character/AI02/Mannequin/Character/Mesh/AI2_fllowman'
[2017.02.08-02.57.37:192][752]LogUObjectGlobals:Warning: Failed to find object 'SkeletalMesh /Game/Mannequin/Character/AI02/Mannequin/Character/Mesh/AI2_fllowman.AI2_fllowman'
[2017.02.08-02.57.37:359][752]LogSkeletalMesh: InitArticulated: Bodies already created (/Engine/Transient.DebugSkelMeshComponent_0) - call TermArticulated first.
[2017.02.08-02.57.41:803][ 42]LogContentBrowser: Native class hierarchy updated for 'BlueprintGraph' in 0.0009 seconds. Added 111 classes and 0 folders.
[2017.02.08-02.58.00:589][420]LogMaterial: Missing cached shader map for material Blood, compiling. 
[2017.02.08-02.58.00:813][420]LogMaterial: Missing cached shader map for material Blood, compiling. 
[2017.02.08-02.58.00:819][420]LogMaterial: 0.00 seconds spent updating 1 materials, 1 interfaces, 0 instances, 0 with static permutations.
[2017.02.08-02.58.00:841][420]LogMaterial: Missing cached shader map for material FMatExpressionPreview MaterialExpressionConstant3Vector_2, compiling. 
[2017.02.08-02.58.00:846][420]LogMaterial: Missing cached shader map for material FMatExpressionPreview MaterialExpressionTextureSample_2, compiling. 
[2017.02.08-02.58.00:850][420]LogMaterial: Missing cached shader map for material FMatExpressionPreview MaterialExpressionTextureSample_9, compiling. 
[2017.02.08-02.58.00:854][420]LogMaterial: Missing cached shader map for material FMatExpressionPreview MaterialExpressionConstant3Vector_5, compiling. 
[2017.02.08-02.58.00:858][420]LogMaterial: Missing cached shader map for material FMatExpressionPreview MaterialExpressionTextureSample_6, compiling. 
[2017.02.08-02.58.00:862][420]LogMaterial: Missing cached shader map for material FMatExpressionPreview MaterialExpressionConstant3Vector_6, compiling. 
[2017.02.08-02.58.00:867][420]LogMaterial: Missing cached shader map for material FMatExpressionPreview MaterialExpressionConstant3Vector_7, compiling. 
[2017.02.08-02.58.00:871][420]LogMaterial: Missing cached shader map for material FMatExpressionPreview MaterialExpressionTextureSample_7, compiling. 
[2017.02.08-02.58.00:875][420]LogMaterial: Missing cached shader map for material FMatExpressionPreview MaterialExpressionTextureSample_10, compiling. 
[2017.02.08-02.58.00:880][420]LogMaterial: Missing cached shader map for material FMatExpressionPreview MaterialExpressionConstant3Vector_8, compiling. 
[2017.02.08-02.58.02:309][499]MaterialEditorStats: Info Base pass shader without light map: 31 instructions
[2017.02.08-02.58.02:309][499]MaterialEditorStats: Info Vertex shader: 33 instructions
[2017.02.08-02.58.02:309][499]MaterialEditorStats: Info Texture samplers: 2/16
[2017.02.08-02.59.40:999][712]LogMaterialEditor: Applying material Blood
[2017.02.08-02.59.41:435][712]LogMaterial: Missing cached shader map for material Blood, compiling. 
[2017.02.08-02.59.41:445][712]LogMaterial: 0.00 seconds spent updating 1 materials, 1 interfaces, 0 instances, 0 with static permutations.
[2017.02.08-02.59.42:001][712]LogMaterial: Missing cached shader map for material Blood, compiling. 
[2017.02.08-02.59.42:057][712]LogMaterial: Missing cached shader map for material Blood, compiling. 
[2017.02.08-02.59.42:074][712]LogMaterial: 0.00 seconds spent updating 1 materials, 1 interfaces, 0 instances, 0 with static permutations.
[2017.02.08-02.59.42:619][741]LogMaterialEditor: Saving and Compiling material Blood
[2017.02.08-02.59.43:871][741]Cmd: OBJ SAVEPACKAGE PACKAGE="/Game/Mannequin/Character/UI/Blood" FILE="G:/test_rpg_1225/MyProject_1227/Content/Mannequin/Character/UI/Blood.uasset" SILENT=true
[2017.02.08-02.59.43:960][741]LogSavePackage: Save=63.64ms
[2017.02.08-02.59.43:960][741]LogSavePackage: Moving 'G:/test_rpg_1225/MyProject_1227/Saved/BloodB8CB3617493BEDA09F7BA1931BB9E81B.tmp' to 'G:/test_rpg_1225/MyProject_1227/Content/Mannequin/Character/UI/Blood.uasset'
[2017.02.08-02.59.43:976][741]LogSavePackage:Display: Finished SavePackage G:/test_rpg_1225/MyProject_1227/Content/Mannequin/Character/UI/Blood.uasset
[2017.02.08-02.59.43:979][741]MaterialEditorStats: Info Base pass shader without light map: 52 instructions
[2017.02.08-02.59.43:979][741]MaterialEditorStats: Info Vertex shader: 41 instructions
[2017.02.08-02.59.43:979][741]MaterialEditorStats: Info Texture samplers: 3/16
[2017.02.08-03.00.07:049][437]LogMaterial: Missing cached shader map for material taozi, compiling. 
[2017.02.08-03.00.07:141][437]LogMaterial: Missing cached shader map for material taozi, compiling. 
[2017.02.08-03.00.07:145][437]LogMaterial: 0.00 seconds spent updating 1 materials, 1 interfaces, 0 instances, 0 with static permutations.
[2017.02.08-03.00.07:172][437]LogMaterial: Missing cached shader map for material FMatExpressionPreview MaterialExpressionTextureSample_11, compiling. 
[2017.02.08-03.00.08:857][548]MaterialEditorStats: Info Base pass shader without light map: 6 instructions
[2017.02.08-03.00.08:858][548]MaterialEditorStats: Info Vertex shader: 68 instructions
[2017.02.08-03.00.08:858][548]MaterialEditorStats: Info Texture samplers: 3/16
[2017.02.08-03.02.11:435][756]LogMaterial: Missing cached shader map for material mana02, compiling. 
[2017.02.08-03.02.11:467][756]LogMaterial: Missing cached shader map for material mana02, compiling. 
[2017.02.08-03.02.11:608][756]LogMaterial: Missing cached shader map for material mana02, compiling. 
[2017.02.08-03.02.11:614][756]LogMaterial: 0.00 seconds spent updating 1 materials, 1 interfaces, 0 instances, 0 with static permutations.
[2017.02.08-03.02.11:639][756]LogMaterial: Missing cached shader map for material FMatExpressionPreview MaterialExpressionTextureSample_55, compiling. 
[2017.02.08-03.02.11:644][756]LogMaterial: Missing cached shader map for material FMatExpressionPreview MaterialExpressionTextureSample_47, compiling. 
[2017.02.08-03.02.11:649][756]LogMaterial: Missing cached shader map for material FMatExpressionPreview MaterialExpressionConstant3Vector_30, compiling. 
[2017.02.08-03.02.11:653][756]LogMaterial: Missing cached shader map for material FMatExpressionPreview MaterialExpressionConstant3Vector_26, compiling. 
[2017.02.08-03.02.11:658][756]LogMaterial: Missing cached shader map for material FMatExpressionPreview MaterialExpressionTextureSample_52, compiling. 
[2017.02.08-03.02.11:664][756]LogMaterial: Missing cached shader map for material FMatExpressionPreview MaterialExpressionConstant3Vector_27, compiling. 
[2017.02.08-03.02.11:668][756]LogMaterial: Missing cached shader map for material FMatExpressionPreview MaterialExpressionTextureSample_59, compiling. 
[2017.02.08-03.02.11:673][756]LogMaterial: Missing cached shader map for material FMatExpressionPreview MaterialExpressionConstant3Vector_34, compiling. 
[2017.02.08-03.02.11:678][756]LogMaterial: Missing cached shader map for material FMatExpressionPreview MaterialExpressionTextureSample_62, compiling. 
[2017.02.08-03.02.11:683][756]LogMaterial: Missing cached shader map for material FMatExpressionPreview MaterialExpressionTextureSample_68, compiling. 
[2017.02.08-03.02.11:688][756]LogMaterial: Missing cached shader map for material FMatExpressionPreview MaterialExpressionConstant3Vector_37, compiling. 
[2017.02.08-03.02.11:694][756]LogMaterial: Missing cached shader map for material FMatExpressionPreview MaterialExpressionTextureSample_67, compiling. 
[2017.02.08-03.02.11:698][756]LogMaterial: Missing cached shader map for material FMatExpressionPreview MaterialExpressionTextureSample_98, compiling. 
[2017.02.08-03.02.11:702][756]LogMaterial: Missing cached shader map for material FMatExpressionPreview MaterialExpressionTextureSample_97, compiling. 
[2017.02.08-03.02.11:706][756]LogMaterial: Missing cached shader map for material FMatExpressionPreview MaterialExpressionTextureSample_96, compiling. 
[2017.02.08-03.02.11:711][756]LogMaterial: Missing cached shader map for material FMatExpressionPreview MaterialExpressionTextureSample_95, compiling. 
[2017.02.08-03.02.11:717][756]LogMaterial: Missing cached shader map for material FMatExpressionPreview MaterialExpressionTextureSample_94, compiling. 
[2017.02.08-03.02.11:723][756]LogMaterial: Missing cached shader map for material FMatExpressionPreview MaterialExpressionTextureSample_93, compiling. 
[2017.02.08-03.02.11:729][756]LogMaterial: Missing cached shader map for material FMatExpressionPreview MaterialExpressionConstant3Vector_47, compiling. 
[2017.02.08-03.02.11:734][756]LogMaterial: Missing cached shader map for material FMatExpressionPreview MaterialExpressionTextureSample_101, compiling. 
[2017.02.08-03.02.13:160][829]MaterialEditorStats: Info Base pass shader without light map: 72 instructions
[2017.02.08-03.02.13:160][829]MaterialEditorStats: Info Vertex shader: 33 instructions
[2017.02.08-03.02.13:160][829]MaterialEditorStats: Info Texture samplers: 4/16
[2017.02.08-03.02.17:808][ 86]LogMaterial: Missing cached shader map for material mana, compiling. 
[2017.02.08-03.02.17:921][ 86]LogMaterial: Missing cached shader map for material mana, compiling. 
[2017.02.08-03.02.17:927][ 86]LogMaterial: 0.00 seconds spent updating 1 materials, 1 interfaces, 0 instances, 0 with static permutations.
[2017.02.08-03.02.17:955][ 86]LogMaterial: Missing cached shader map for material FMatExpressionPreview MaterialExpressionConstant3Vector_41, compiling. 
[2017.02.08-03.02.17:960][ 86]LogMaterial: Missing cached shader map for material FMatExpressionPreview MaterialExpressionConstant3Vector_42, compiling. 
[2017.02.08-03.02.17:965][ 86]LogMaterial: Missing cached shader map for material FMatExpressionPreview MaterialExpressionTextureSample_71, compiling. 
[2017.02.08-03.02.17:969][ 86]LogMaterial: Missing cached shader map for material FMatExpressionPreview MaterialExpressionConstant3Vector_43, compiling. 
[2017.02.08-03.02.17:973][ 86]LogMaterial: Missing cached shader map for material FMatExpressionPreview MaterialExpressionTextureSample_72, compiling. 
[2017.02.08-03.02.17:977][ 86]LogMaterial: Missing cached shader map for material FMatExpressionPreview MaterialExpressionTextureSample_81, compiling. 
[2017.02.08-03.02.17:981][ 86]LogMaterial: Missing cached shader map for material FMatExpressionPreview MaterialExpressionTextureSample_82, compiling. 
[2017.02.08-03.02.17:987][ 86]LogMaterial: Missing cached shader map for material FMatExpressionPreview MaterialExpressionTextureSample_83, compiling. 
[2017.02.08-03.02.17:992][ 86]LogMaterial: Missing cached shader map for material FMatExpressionPreview MaterialExpressionTextureSample_84, compiling. 
[2017.02.08-03.02.17:998][ 86]LogMaterial: Missing cached shader map for material FMatExpressionPreview MaterialExpressionTextureSample_85, compiling. 
[2017.02.08-03.02.18:003][ 86]LogMaterial: Missing cached shader map for material FMatExpressionPreview MaterialExpressionTextureSample_65, compiling. 
[2017.02.08-03.02.18:009][ 86]LogMaterial: Missing cached shader map for material FMatExpressionPreview MaterialExpressionConstant3Vector_36, compiling. 
[2017.02.08-03.02.18:015][ 86]LogMaterial: Missing cached shader map for material FMatExpressionPreview MaterialExpressionTextureSample_66, compiling. 
[2017.02.08-03.02.18:020][ 86]LogMaterial: Missing cached shader map for material FMatExpressionPreview MaterialExpressionTextureSample_61, compiling. 
[2017.02.08-03.02.18:026][ 86]LogMaterial: Missing cached shader map for material FMatExpressionPreview MaterialExpressionConstant3Vector_33, compiling. 
[2017.02.08-03.02.18:031][ 86]LogMaterial: Missing cached shader map for material FMatExpressionPreview MaterialExpressionTextureSample_58, compiling. 
[2017.02.08-03.02.18:035][ 86]LogMaterial: Missing cached shader map for material FMatExpressionPreview MaterialExpressionTextureSample_86, compiling. 
[2017.02.08-03.02.18:040][ 86]LogMaterial: Missing cached shader map for material FMatExpressionPreview MaterialExpressionConstant3Vector_20, compiling. 
[2017.02.08-03.02.18:046][ 86]LogMaterial: Missing cached shader map for material FMatExpressionPreview MaterialExpressionTextureSample_100, compiling. 
[2017.02.08-03.02.18:053][ 86]LogMaterial: Missing cached shader map for material FMatExpressionPreview MaterialExpressionTextureSample_42, compiling. 
[2017.02.08-03.02.18:579][105]MaterialEditorStats: Info Base pass shader without light map: 73 instructions
[2017.02.08-03.02.18:580][105]MaterialEditorStats: Info Vertex shader: 33 instructions
[2017.02.08-03.02.18:580][105]MaterialEditorStats: Info Texture samplers: 4/16
[2017.02.08-03.02.46:110][795]LogMaterial: Missing cached shader map for material PreviewMaterial_0, compiling. 
[2017.02.08-03.02.46:198][795]LogMaterial: Missing cached shader map for material PreviewMaterial_0, compiling. 
[2017.02.08-03.02.46:202][795]LogMaterial: 0.00 seconds spent updating 1 materials, 1 interfaces, 0 instances, 0 with static permutations.
[2017.02.08-03.02.46:227][795]LogMaterial: Missing cached shader map for material FMatExpressionPreview MaterialExpressionTextureSample_11, compiling. 
[2017.02.08-03.02.47:922][907]MaterialEditorStats: Info Base pass shader without light map: 6 instructions
[2017.02.08-03.02.47:922][907]MaterialEditorStats: Info Vertex shader: 68 instructions
[2017.02.08-03.02.47:922][907]MaterialEditorStats: Info Texture samplers: 3/16
[2017.02.08-03.03.02:061][569]LogMaterial: Missing cached shader map for material PreviewMaterial_1, compiling. 
[2017.02.08-03.03.02:161][569]LogMaterial: Missing cached shader map for material PreviewMaterial_1, compiling. 
[2017.02.08-03.03.02:167][569]LogMaterial: 0.00 seconds spent updating 1 materials, 1 interfaces, 0 instances, 0 with static permutations.
[2017.02.08-03.03.02:191][569]LogMaterial: Missing cached shader map for material FMatExpressionPreview MaterialExpressionConstant3Vector_41, compiling. 
[2017.02.08-03.03.02:195][569]LogMaterial: Missing cached shader map for material FMatExpressionPreview MaterialExpressionConstant3Vector_42, compiling. 
[2017.02.08-03.03.02:199][569]LogMaterial: Missing cached shader map for material FMatExpressionPreview MaterialExpressionTextureSample_71, compiling. 
[2017.02.08-03.03.02:203][569]LogMaterial: Missing cached shader map for material FMatExpressionPreview MaterialExpressionConstant3Vector_43, compiling. 
[2017.02.08-03.03.02:207][569]LogMaterial: Missing cached shader map for material FMatExpressionPreview MaterialExpressionTextureSample_72, compiling. 
[2017.02.08-03.03.02:211][569]LogMaterial: Missing cached shader map for material FMatExpressionPreview MaterialExpressionTextureSample_81, compiling. 
[2017.02.08-03.03.02:216][569]LogMaterial: Missing cached shader map for material FMatExpressionPreview MaterialExpressionTextureSample_82, compiling. 
[2017.02.08-03.03.02:220][569]LogMaterial: Missing cached shader map for material FMatExpressionPreview MaterialExpressionTextureSample_83, compiling. 
[2017.02.08-03.03.02:224][569]LogMaterial: Missing cached shader map for material FMatExpressionPreview MaterialExpressionTextureSample_84, compiling. 
[2017.02.08-03.03.02:227][569]LogMaterial: Missing cached shader map for material FMatExpressionPreview MaterialExpressionTextureSample_85, compiling. 
[2017.02.08-03.03.02:232][569]LogMaterial: Missing cached shader map for material FMatExpressionPreview MaterialExpressionTextureSample_65, compiling. 
[2017.02.08-03.03.02:236][569]LogMaterial: Missing cached shader map for material FMatExpressionPreview MaterialExpressionConstant3Vector_36, compiling. 
[2017.02.08-03.03.02:253][569]LogMaterial: Missing cached shader map for material FMatExpressionPreview MaterialExpressionTextureSample_66, compiling. 
[2017.02.08-03.03.02:257][569]LogMaterial: Missing cached shader map for material FMatExpressionPreview MaterialExpressionTextureSample_61, compiling. 
[2017.02.08-03.03.02:262][569]LogMaterial: Missing cached shader map for material FMatExpressionPreview MaterialExpressionConstant3Vector_33, compiling. 
[2017.02.08-03.03.02:266][569]LogMaterial: Missing cached shader map for material FMatExpressionPreview MaterialExpressionTextureSample_58, compiling. 
[2017.02.08-03.03.02:270][569]LogMaterial: Missing cached shader map for material FMatExpressionPreview MaterialExpressionTextureSample_86, compiling. 
[2017.02.08-03.03.02:274][569]LogMaterial: Missing cached shader map for material FMatExpressionPreview MaterialExpressionConstant3Vector_20, compiling. 
[2017.02.08-03.03.02:279][569]LogMaterial: Missing cached shader map for material FMatExpressionPreview MaterialExpressionTextureSample_100, compiling. 
[2017.02.08-03.03.02:283][569]LogMaterial: Missing cached shader map for material FMatExpressionPreview MaterialExpressionTextureSample_42, compiling. 
[2017.02.08-03.03.02:858][593]MaterialEditorStats: Info Base pass shader without light map: 73 instructions
[2017.02.08-03.03.02:858][593]MaterialEditorStats: Info Vertex shader: 33 instructions
[2017.02.08-03.03.02:858][593]MaterialEditorStats: Info Texture samplers: 4/16
[2017.02.08-03.03.18:037][539]LogMaterialEditor: Saving and Compiling material mana
[2017.02.08-03.03.18:095][539]Cmd: OBJ SAVEPACKAGE PACKAGE="/Game/Mannequin/Character/UI/mana" FILE="G:/test_rpg_1225/MyProject_1227/Content/Mannequin/Character/UI/mana.uasset" SILENT=true
[2017.02.08-03.03.18:141][539]LogSavePackage: Save=37.22ms
[2017.02.08-03.03.18:141][539]LogSavePackage: Moving 'G:/test_rpg_1225/MyProject_1227/Saved/mana257839714E27A273382B02A7F31539EE.tmp' to 'G:/test_rpg_1225/MyProject_1227/Content/Mannequin/Character/UI/mana.uasset'
[2017.02.08-03.03.18:145][539]LogSavePackage:Display: Finished SavePackage G:/test_rpg_1225/MyProject_1227/Content/Mannequin/Character/UI/mana.uasset
[2017.02.08-03.04.08:593][875]LogMaterialEditor: Applying material mana
[2017.02.08-03.04.09:032][875]LogMaterial: Missing cached shader map for material PreviewMaterial_1, compiling. 
[2017.02.08-03.04.09:043][875]LogMaterial: 0.00 seconds spent updating 1 materials, 1 interfaces, 0 instances, 0 with static permutations.
[2017.02.08-03.04.09:081][875]LogMaterial: Missing cached shader map for material mana, compiling. 
[2017.02.08-03.04.09:102][875]LogMaterial: Missing cached shader map for material mana, compiling. 
[2017.02.08-03.04.09:119][875]LogMaterial: 0.00 seconds spent updating 1 materials, 1 interfaces, 0 instances, 0 with static permutations.
[2017.02.08-03.04.09:735][903]LogMaterialEditor: Saving and Compiling material mana
[2017.02.08-03.04.11:757][903]Cmd: OBJ SAVEPACKAGE PACKAGE="/Game/Mannequin/Character/UI/mana" FILE="G:/test_rpg_1225/MyProject_1227/Content/Mannequin/Character/UI/mana.uasset" SILENT=true
[2017.02.08-03.04.11:795][903]LogSavePackage: Save=32.07ms
[2017.02.08-03.04.11:795][903]LogSavePackage: Moving 'G:/test_rpg_1225/MyProject_1227/Saved/mana0F8269E84B1A7311090AB6A1B6BC247E.tmp' to 'G:/test_rpg_1225/MyProject_1227/Content/Mannequin/Character/UI/mana.uasset'
[2017.02.08-03.04.11:800][903]LogSavePackage:Display: Finished SavePackage G:/test_rpg_1225/MyProject_1227/Content/Mannequin/Character/UI/mana.uasset
[2017.02.08-03.04.11:802][903]MaterialEditorStats: Info Base pass shader without light map: 94 instructions
[2017.02.08-03.04.11:802][903]MaterialEditorStats: Info Vertex shader: 41 instructions
[2017.02.08-03.04.11:802][903]MaterialEditorStats: Info Texture samplers: 4/16
[2017.02.08-03.06.03:809][848]LogSavePackage: Save=426.89ms
[2017.02.08-03.06.03:809][848]LogSavePackage: Moving 'G:/test_rpg_1225/MyProject_1227/Saved/wx_test_02_Auto1C46A800F48312A51B12149ADFAEC2D92.tmp' to 'G:/test_rpg_1225/MyProject_1227/Saved/Autosaves/Game/ThirdPersonBP/Maps/wx_test_02_Auto1.umap'
[2017.02.08-03.06.03:812][848]LogSavePackage:Display: Finished SavePackage G:/test_rpg_1225/MyProject_1227/Saved/Autosaves/Game/ThirdPersonBP/Maps/wx_test_02_Auto1.umap
[2017.02.08-03.06.03:815][848]LogFileHelpers: Editor autosave (incl. sublevels) for '/Game/ThirdPersonBP/Maps/wx_test_02' took 1.320
[2017.02.08-03.06.03:815][848]LogFileHelpers: Editor autosave (incl. sublevels) for all levels took 1.320
[2017.02.08-03.09.07:285][973]LogBlueprintUserMessages: Early PlayInEditor Detection: Level '/Game/ThirdPersonBP/Maps/wx_test_02.wx_test_02:PersistentLevel' has LevelScriptBlueprint '/Game/ThirdPersonBP/Maps/wx_test_02.wx_test_02:PersistentLevel.wx_test_02' with GeneratedClass '/Game/ThirdPersonBP/Maps/wx_test_02.wx_test_02_C' with ClassGeneratedBy '/Game/ThirdPersonBP/Maps/wx_test_02.wx_test_02:PersistentLevel.wx_test_02'
[2017.02.08-03.09.07:292][973]LogPlayLevel: PlayLevel: No blueprints needed recompiling
[2017.02.08-03.09.07:298][973]PIE: New page: PIE session: wx_test_02 (Feb 8, 2017, 7:09:07 PM)
[2017.02.08-03.09.07:298][973]LogPlayLevel: Creating play world package: /Game/ThirdPersonBP/Maps/UEDPIE_0_wx_test_02
[2017.02.08-03.09.07:321][973]LogPlayLevel: PIE: StaticDuplicateObject took: (0.023203s)
[2017.02.08-03.09.07:322][973]LogAIModule: Creating AISystem for world wx_test_02
[2017.02.08-03.09.07:322][973]LogPlayLevel: PIE: World Init took: (0.000750s)
[2017.02.08-03.09.07:322][973]LogPlayLevel: PIE: Created PIE world by copying editor world from /Game/ThirdPersonBP/Maps/wx_test_02.wx_test_02 to /Game/ThirdPersonBP/Maps/UEDPIE_0_wx_test_02.wx_test_02 (0.024188s)
[2017.02.08-03.09.07:400][973]LogInit: XAudio2 using '扬声器 (Realtek High Definition Audio)' : 2 channels at 48 kHz using 32 bits per sample (channel mask 0x3)
[2017.02.08-03.09.07:430][973]LogInit: FAudioDevice initialized.
[2017.02.08-03.09.07:537][973]LogWorld: Game class is 'GameMode'
[2017.02.08-03.09.07:547][973]LogWorld: Bringing World /Game/ThirdPersonBP/Maps/UEDPIE_0_wx_test_02.wx_test_02 up for play (max tick rate 0) at 2017.02.08-11.09.07
[2017.02.08-03.09.07:618][973]LogWorld: Bringing up level for play took: 0.079605
[2017.02.08-03.09.07:650][973]LogContentBrowser: Native class hierarchy updated for 'MovieSceneCapture' in 0.0005 seconds. Added 11 classes and 0 folders.
[2017.02.08-03.09.07:671][973]PIE: Info Play in editor start time for /Game/ThirdPersonBP/Maps/UEDPIE_0_wx_test_02 0.276
[2017.02.08-03.09.07:671][973]LogBlueprintUserMessages: Late PlayInEditor Detection: Level '/Game/ThirdPersonBP/Maps/wx_test_02.wx_test_02:PersistentLevel' has LevelScriptBlueprint '/Game/ThirdPersonBP/Maps/wx_test_02.wx_test_02:PersistentLevel.wx_test_02' with GeneratedClass '/Game/ThirdPersonBP/Maps/wx_test_02.wx_test_02_C' with ClassGeneratedBy '/Game/ThirdPersonBP/Maps/wx_test_02.wx_test_02:PersistentLevel.wx_test_02'
[2017.02.08-03.09.11:235][341]LogCharacterMovement: BD_bp4 is stuck and failed to move! Velocity: X=-18.615 Y=-134.663 Z=0.000 Location: X=-337.032 Y=147.218 Z=210.360 Normal: X=-0.900 Y=0.263 Z=-0.348 PenetrationDepth:2.962 Actor:StandardEnemy_72 Component:CharacterMesh0 BoneName:upperarm_r
[2017.02.08-03.09.11:243][342]LogCharacterMovement: BD_bp4 is stuck and failed to move! Velocity: X=-1.737 Y=-146.854 Z=0.000 Location: X=-337.032 Y=147.218 Z=210.360 Normal: X=-0.889 Y=0.257 Z=-0.380 PenetrationDepth:4.761 Actor:StandardEnemy_72 Component:CharacterMesh0 BoneName:upperarm_r
[2017.02.08-03.09.11:251][343]LogCharacterMovement: BD_bp4 is stuck and failed to move! Velocity: X=13.594 Y=-158.799 Z=0.000 Location: X=-337.032 Y=147.218 Z=210.360 Normal: X=-0.875 Y=0.251 Z=-0.414 PenetrationDepth:5.912 Actor:StandardEnemy_72 Component:CharacterMesh0 BoneName:upperarm_r
[2017.02.08-03.09.11:268][345]LogCharacterMovement: BD_bp4 is stuck and failed to move! Velocity: X=-23.001 Y=-160.727 Z=0.000 Location: X=-337.393 Y=145.964 Z=210.360 Normal: X=-0.838 Y=0.225 Z=-0.497 PenetrationDepth:7.992 Actor:StandardEnemy_72 Component:CharacterMesh0 BoneName:upperarm_r
[2017.02.08-03.09.11:276][346]LogCharacterMovement: BD_bp4 is stuck and failed to move! Velocity: X=-4.182 Y=-171.008 Z=0.000 Location: X=-337.393 Y=145.964 Z=210.360 Normal: X=-0.812 Y=0.223 Z=-0.539 PenetrationDepth:8.731 Actor:StandardEnemy_72 Component:CharacterMesh0 BoneName:upperarm_r
[2017.02.08-03.09.11:328][352]LogCharacterMovement: BD_bp4 is stuck and failed to move! Velocity: X=-54.526 Y=-136.701 Z=0.000 Location: X=-340.713 Y=140.105 Z=210.360 Normal: X=-0.601 Y=0.242 Z=-0.761 PenetrationDepth:1.493 Actor:StandardEnemy_72 Component:CharacterMesh0 BoneName:upperarm_r
[2017.02.08-03.09.11:638][388]LogCharacterMovement: BD_bp4 is stuck and failed to move! Velocity: X=-4.365 Y=-191.545 Z=0.000 Location: X=-349.274 Y=90.703 Z=210.360 Normal: X=-0.797 Y=0.496 Z=-0.345 PenetrationDepth:2.159 Actor:StandardEnemy_72 Component:CharacterMesh0 BoneName:upperarm_l
[2017.02.08-03.09.11:647][389]LogCharacterMovement: BD_bp4 is stuck and failed to move! Velocity: X=17.901 Y=-197.174 Z=0.000 Location: X=-349.274 Y=90.703 Z=210.360 Normal: X=-0.829 Y=0.427 Z=-0.362 PenetrationDepth:6.964 Actor:StandardEnemy_72 Component:CharacterMesh0 BoneName:upperarm_l
[2017.02.08-03.09.11:655][390]LogCharacterMovement: BD_bp4 is stuck and failed to move! Velocity: X=38.535 Y=-203.173 Z=0.000 Location: X=-349.274 Y=90.703 Z=210.360 Normal: X=-0.860 Y=0.339 Z=-0.381 PenetrationDepth:10.323 Actor:StandardEnemy_72 Component:CharacterMesh0 BoneName:upperarm_l
[2017.02.08-03.09.11:663][391]LogCharacterMovement: BD_bp4 is stuck and failed to move! Velocity: X=58.123 Y=-209.795 Z=0.000 Location: X=-349.274 Y=90.703 Z=210.360 Normal: X=-0.885 Y=0.237 Z=-0.402 PenetrationDepth:11.878 Actor:StandardEnemy_72 Component:CharacterMesh0 BoneName:upperarm_l
[2017.02.08-03.09.11:857][414]LogCharacterMovement: BD_bp4 is stuck and failed to move! Velocity: X=68.262 Y=-241.403 Z=0.000 Location: X=-348.294 Y=49.866 Z=210.360 Normal: X=-0.817 Y=-0.208 Z=-0.537 PenetrationDepth:12.320 Actor:StandardEnemy_72 Component:CharacterMesh0 BoneName:upperarm_l
[2017.02.08-03.09.11:866][415]LogCharacterMovement: BD_bp4 is stuck and failed to move! Velocity: X=92.835 Y=-240.398 Z=0.000 Location: X=-348.294 Y=49.866 Z=210.360 Normal: X=-0.823 Y=-0.092 Z=-0.560 PenetrationDepth:13.523 Actor:StandardEnemy_72 Component:CharacterMesh0 BoneName:upperarm_l
[2017.02.08-03.09.11:875][416]LogCharacterMovement: BD_bp4 is stuck and failed to move! Velocity: X=113.364 Y=-240.439 Z=0.000 Location: X=-348.294 Y=49.866 Z=210.360 Normal: X=-0.822 Y=0.040 Z=-0.569 PenetrationDepth:12.412 Actor:StandardEnemy_72 Component:CharacterMesh0 BoneName:upperarm_l
[2017.02.08-03.09.11:883][417]LogCharacterMovement: BD_bp4 is stuck and failed to move! Velocity: X=132.761 Y=-241.451 Z=0.000 Location: X=-348.294 Y=49.866 Z=210.360 Normal: X=-0.827 Y=0.075 Z=-0.557 PenetrationDepth:12.073 Actor:StandardEnemy_72 Component:CharacterMesh0 BoneName:upperarm_l
[2017.02.08-03.09.11:891][418]LogCharacterMovement: BD_bp4 is stuck and failed to move! Velocity: X=151.143 Y=-243.479 Z=0.000 Location: X=-348.294 Y=49.866 Z=210.360 Normal: X=-0.834 Y=0.088 Z=-0.544 PenetrationDepth:12.199 Actor:StandardEnemy_72 Component:CharacterMesh0 BoneName:upperarm_l
[2017.02.08-03.09.11:900][419]LogCharacterMovement: BD_bp4 is stuck and failed to move! Velocity: X=169.953 Y=-246.827 Z=0.000 Location: X=-348.294 Y=49.866 Z=210.360 Normal: X=-0.841 Y=0.101 Z=-0.531 PenetrationDepth:12.223 Actor:StandardEnemy_72 Component:CharacterMesh0 BoneName:upperarm_l
[2017.02.08-03.09.11:908][420]LogCharacterMovement: BD_bp4 is stuck and failed to move! Velocity: X=170.383 Y=-246.920 Z=0.000 Location: X=-348.294 Y=49.866 Z=210.360 Normal: X=-0.847 Y=0.110 Z=-0.519 PenetrationDepth:12.241 Actor:StandardEnemy_72 Component:CharacterMesh0 BoneName:upperarm_l
[2017.02.08-03.09.11:917][421]LogCharacterMovement: BD_bp4 is stuck and failed to move! Velocity: X=170.383 Y=-246.920 Z=0.000 Location: X=-348.294 Y=49.866 Z=210.360 Normal: X=-0.850 Y=0.106 Z=-0.516 PenetrationDepth:12.498 Actor:StandardEnemy_72 Component:CharacterMesh0 BoneName:upperarm_l
[2017.02.08-03.09.11:926][422]LogCharacterMovement: BD_bp4 is stuck and failed to move! Velocity: X=170.383 Y=-246.920 Z=0.000 Location: X=-348.294 Y=49.866 Z=210.360 Normal: X=-0.851 Y=0.101 Z=-0.515 PenetrationDepth:12.648 Actor:StandardEnemy_72 Component:CharacterMesh0 BoneName:upperarm_l
[2017.02.08-03.09.11:933][423]LogCharacterMovement: BD_bp4 is stuck and failed to move! Velocity: X=170.383 Y=-246.920 Z=0.000 Location: X=-348.294 Y=49.866 Z=210.360 Normal: X=-0.852 Y=0.097 Z=-0.515 PenetrationDepth:12.690 Actor:StandardEnemy_72 Component:CharacterMesh0 BoneName:upperarm_l
[2017.02.08-03.09.11:942][424]LogCharacterMovement: BD_bp4 is stuck and failed to move! Velocity: X=170.383 Y=-246.920 Z=0.000 Location: X=-348.294 Y=49.866 Z=210.360 Normal: X=-0.848 Y=0.096 Z=-0.521 PenetrationDepth:12.531 Actor:StandardEnemy_72 Component:CharacterMesh0 BoneName:upperarm_l
[2017.02.08-03.09.11:951][425]LogCharacterMovement: BD_bp4 is stuck and failed to move! Velocity: X=170.383 Y=-246.920 Z=0.000 Location: X=-348.294 Y=49.866 Z=210.360 Normal: X=-0.841 Y=0.098 Z=-0.532 PenetrationDepth:12.188 Actor:StandardEnemy_72 Component:CharacterMesh0 BoneName:upperarm_l
[2017.02.08-03.09.11:959][426]LogCharacterMovement: BD_bp4 is stuck and failed to move! Velocity: X=170.383 Y=-246.920 Z=0.000 Location: X=-348.294 Y=49.866 Z=210.360 Normal: X=-0.834 Y=0.101 Z=-0.543 PenetrationDepth:11.717 Actor:StandardEnemy_72 Component:CharacterMesh0 BoneName:upperarm_l
[2017.02.08-03.09.11:976][428]LogCharacterMovement: BD_bp4 is stuck and failed to move! Velocity: X=-0.644 Y=-221.768 Z=0.000 Location: X=-348.532 Y=47.977 Z=210.360 Normal: X=-0.821 Y=0.085 Z=-0.565 PenetrationDepth:10.330 Actor:StandardEnemy_72 Component:CharacterMesh0 BoneName:upperarm_l
[2017.02.08-03.09.11:992][430]LogCharacterMovement: BD_bp4 is stuck and failed to move! Velocity: X=2.294 Y=-216.556 Z=0.000 Location: X=-348.737 Y=46.174 Z=210.360 Normal: X=-0.808 Y=0.075 Z=-0.584 PenetrationDepth:8.519 Actor:StandardEnemy_72 Component:CharacterMesh0 BoneName:upperarm_l
[2017.02.08-03.09.12:000][431]LogCharacterMovement: BD_bp4 is stuck and failed to move! Velocity: X=27.221 Y=-217.144 Z=0.000 Location: X=-348.737 Y=46.174 Z=210.360 Normal: X=-0.802 Y=0.080 Z=-0.592 PenetrationDepth:7.542 Actor:StandardEnemy_72 Component:CharacterMesh0 BoneName:upperarm_l
[2017.02.08-03.09.12:023][433]LogCharacterMovement: BD_bp4 is stuck and failed to move! Velocity: X=4.892 Y=-211.116 Z=0.000 Location: X=-349.037 Y=43.273 Z=210.360 Normal: X=-0.794 Y=0.048 Z=-0.606 PenetrationDepth:4.916 Actor:StandardEnemy_72 Component:CharacterMesh0 BoneName:upperarm_l
[2017.02.08-03.09.12:031][434]LogCharacterMovement: BD_bp4 is stuck and failed to move! Velocity: X=29.446 Y=-212.115 Z=0.000 Location: X=-349.037 Y=43.273 Z=210.360 Normal: X=-0.791 Y=0.047 Z=-0.610 PenetrationDepth:3.902 Actor:StandardEnemy_72 Component:CharacterMesh0 BoneName:upperarm_l
[2017.02.08-03.09.12:040][435]LogCharacterMovement: BD_bp4 is stuck and failed to move! Velocity: X=52.466 Y=-213.662 Z=0.000 Location: X=-349.037 Y=43.273 Z=210.360 Normal: X=-0.789 Y=0.044 Z=-0.613 PenetrationDepth:2.924 Actor:StandardEnemy_72 Component:CharacterMesh0 BoneName:upperarm_l
[2017.02.08-03.09.12:049][436]LogCharacterMovement: BD_bp4 is stuck and failed to move! Velocity: X=76.655 Y=-216.237 Z=0.000 Location: X=-349.037 Y=43.273 Z=210.360 Normal: X=-0.787 Y=0.039 Z=-0.616 PenetrationDepth:1.912 Actor:StandardEnemy_72 Component:CharacterMesh0 BoneName:upperarm_l
[2017.02.08-03.09.12:057][437]LogCharacterMovement: BD_bp4 is stuck and failed to move! Velocity: X=96.746 Y=-219.349 Z=0.000 Location: X=-349.037 Y=43.273 Z=210.360 Normal: X=-0.784 Y=0.034 Z=-0.619 PenetrationDepth:0.750 Actor:StandardEnemy_72 Component:CharacterMesh0 BoneName:upperarm_l
[2017.02.08-03.09.27:580][255]LogBlueprintUserMessages: Early EndPlayMap Detection: Level '/Game/ThirdPersonBP/Maps/wx_test_02.wx_test_02:PersistentLevel' has LevelScriptBlueprint '/Game/ThirdPersonBP/Maps/wx_test_02.wx_test_02:PersistentLevel.wx_test_02' with GeneratedClass '/Game/ThirdPersonBP/Maps/wx_test_02.wx_test_02_C' with ClassGeneratedBy '/Game/ThirdPersonBP/Maps/wx_test_02.wx_test_02:PersistentLevel.wx_test_02'
[2017.02.08-03.09.27:716][255]LogBlueprintUserMessages: Late EndPlayMap Detection: Level '/Game/ThirdPersonBP/Maps/wx_test_02.wx_test_02:PersistentLevel' has LevelScriptBlueprint '/Game/ThirdPersonBP/Maps/wx_test_02.wx_test_02:PersistentLevel.wx_test_02' with GeneratedClass '/Game/ThirdPersonBP/Maps/wx_test_02.wx_test_02_C' with ClassGeneratedBy '/Game/ThirdPersonBP/Maps/wx_test_02.wx_test_02:PersistentLevel.wx_test_02'
[2017.02.08-04.42.44:076][489]LogEditorViewport: Clicking on Actor (LMB): CameraActor (CameraActor)
[2017.02.08-04.42.46:502][737]LogBlueprintUserMessages: Early PlayInEditor Detection: Level '/Game/ThirdPersonBP/Maps/wx_test_02.wx_test_02:PersistentLevel' has LevelScriptBlueprint '/Game/ThirdPersonBP/Maps/wx_test_02.wx_test_02:PersistentLevel.wx_test_02' with GeneratedClass '/Game/ThirdPersonBP/Maps/wx_test_02.wx_test_02_C' with ClassGeneratedBy '/Game/ThirdPersonBP/Maps/wx_test_02.wx_test_02:PersistentLevel.wx_test_02'
[2017.02.08-04.42.46:503][737]LogPlayLevel: PlayLevel: No blueprints needed recompiling
[2017.02.08-04.42.46:503][737]PIE: New page: PIE session: wx_test_02 (Feb 8, 2017, 8:42:46 PM)
[2017.02.08-04.42.46:503][737]LogPlayLevel: Creating play world package: /Game/ThirdPersonBP/Maps/UEDPIE_0_wx_test_02
[2017.02.08-04.42.46:523][737]LogPlayLevel: PIE: StaticDuplicateObject took: (0.020384s)
[2017.02.08-04.42.46:524][737]LogAIModule: Creating AISystem for world wx_test_02
[2017.02.08-04.42.46:524][737]LogPlayLevel: PIE: World Init took: (0.000627s)
[2017.02.08-04.42.46:524][737]LogPlayLevel: PIE: Created PIE world by copying editor world from /Game/ThirdPersonBP/Maps/wx_test_02.wx_test_02 to /Game/ThirdPersonBP/Maps/UEDPIE_0_wx_test_02.wx_test_02 (0.021226s)
[2017.02.08-04.42.46:596][737]LogInit: XAudio2 using '扬声器 (Realtek High Definition Audio)' : 2 channels at 48 kHz using 32 bits per sample (channel mask 0x3)
[2017.02.08-04.42.46:625][737]LogInit: FAudioDevice initialized.
[2017.02.08-04.42.46:681][737]LogWorld: Game class is 'GameMode'
[2017.02.08-04.42.46:691][737]LogWorld: Bringing World /Game/ThirdPersonBP/Maps/UEDPIE_0_wx_test_02.wx_test_02 up for play (max tick rate 0) at 2017.02.08-12.42.46
[2017.02.08-04.42.46:693][737]LogWorld: Bringing up level for play took: 0.011260
[2017.02.08-04.42.46:695][737]PIE: Info Play in editor start time for /Game/ThirdPersonBP/Maps/UEDPIE_0_wx_test_02 1.063
[2017.02.08-04.42.46:695][737]LogBlueprintUserMessages: Late PlayInEditor Detection: Level '/Game/ThirdPersonBP/Maps/wx_test_02.wx_test_02:PersistentLevel' has LevelScriptBlueprint '/Game/ThirdPersonBP/Maps/wx_test_02.wx_test_02:PersistentLevel.wx_test_02' with GeneratedClass '/Game/ThirdPersonBP/Maps/wx_test_02.wx_test_02_C' with ClassGeneratedBy '/Game/ThirdPersonBP/Maps/wx_test_02.wx_test_02:PersistentLevel.wx_test_02'
[2017.02.08-04.42.59:028][196]LogBlueprintUserMessages: Early EndPlayMap Detection: Level '/Game/ThirdPersonBP/Maps/wx_test_02.wx_test_02:PersistentLevel' has LevelScriptBlueprint '/Game/ThirdPersonBP/Maps/wx_test_02.wx_test_02:PersistentLevel.wx_test_02' with GeneratedClass '/Game/ThirdPersonBP/Maps/wx_test_02.wx_test_02_C' with ClassGeneratedBy '/Game/ThirdPersonBP/Maps/wx_test_02.wx_test_02:PersistentLevel.wx_test_02'
[2017.02.08-04.42.59:083][196]LogBlueprintUserMessages: Late EndPlayMap Detection: Level '/Game/ThirdPersonBP/Maps/wx_test_02.wx_test_02:PersistentLevel' has LevelScriptBlueprint '/Game/ThirdPersonBP/Maps/wx_test_02.wx_test_02:PersistentLevel.wx_test_02' with GeneratedClass '/Game/ThirdPersonBP/Maps/wx_test_02.wx_test_02_C' with ClassGeneratedBy '/Game/ThirdPersonBP/Maps/wx_test_02.wx_test_02:PersistentLevel.wx_test_02'
[2017.02.08-04.43.26:303][418]Cmd: SELECT NONE
[2017.02.08-04.43.29:334][752]Cmd: OBJ SAVEPACKAGE PACKAGE="/Game/ThirdPersonBP/Maps/wx_test_02" FILE="G:/test_rpg_1225/MyProject_1227/Content/ThirdPersonBP/Maps/wx_test_02.umap" SILENT=true AUTOSAVING=false KEEPDIRTY=false
[2017.02.08-04.43.29:654][752]LogSavePackage: Save=281.92ms
[2017.02.08-04.43.29:654][752]LogSavePac