Log file open, 01/13/17 15:58:32
LogInit:Display: Running engine for game: MyProject_1227
LogPlatformFile: Not using cached read wrapper
LogInit:Display: RandInit(734032949) SRandInit(734032952).
LogTaskGraph: Started task graph with 4 named threads and 7 total threads with 1 sets of task threads.
LogStats: Stats thread started at 0.074696
LogInit: Version: 4.12.5-3039270+++UE4+Release-4.12
LogInit: API Version: 2992821
LogInit: Net Version: 3039270
LogDevObjectVersion: Number of dev versions registered: 13
LogDevObjectVersion:   Dev-Blueprints (B0D832E4-1F89-4F0D-ACCF-7EB736FD4AA2): 3
LogDevObjectVersion:   Dev-Build (E1C64328-A22C-4D53-A36C-8E866417BD8C): 0
LogDevObjectVersion:   Dev-Core (375EC13C-06E4-48FB-B500-84F0262A717E): 1
LogDevObjectVersion:   Dev-Editor (E4B068ED-F494-42E9-A231-DA0B2E46BB41): 2
LogDevObjectVersion:   Dev-Framework (CFFC743F-43B0-4480-9391-14DF171D2073): 6
LogDevObjectVersion:   Dev-Mobile (B02B49B5-BB20-44E9-A304-32B752E40360): 0
LogDevObjectVersion:   Dev-Networking (A4E4105C-59A1-49B5-A7C5-40C4547EDFEE): 0
LogDevObjectVersion:   Dev-Online (39C831C9-5AE6-47DC-9A44-9C173E1C8E7C): 0
LogDevObjectVersion:   Dev-Physics (78F01B33-EBEA-4F98-B9B4-84EACCB95AA2): 0
LogDevObjectVersion:   Dev-Platform (6631380F-2D4D-43E0-8009-CF276956A95A): 0
LogDevObjectVersion:   Dev-Rendering (12F88B9F-8875-4AFC-A67C-D90C383ABD29): 2
LogDevObjectVersion:   Dev-Sequencer (7B5AE74C-D270-4C10-A958-57980B212A5A): 0
LogDevObjectVersion:   Dev-VR (D7296918-1DD6-4BDD-9DE2-64A83CC13884): 0
LogInit: Compiled (64-bit): Jul  6 2016 09:09:46
LogInit: Compiled with Visual C++: 19.00.23026.00
LogInit: Build Configuration: Development
LogInit: Branch Name: ++UE4+Release-4.12
LogInit: Command line:  
LogInit: Base directory: F:/UE4/Epic Games/4.12/Engine/Binaries/Win64/
LogInit: Installed Engine Build: 1
LogInit: Using libcurl 7.41.0
LogInit:  - built for x86_64-pc-win32
LogInit:  - supports SSL with WinSSL
LogInit:  - other features:
LogInit:      CURL_VERSION_SSL
LogInit:      CURL_VERSION_IPV6
LogInit:      CURL_VERSION_ASYNCHDNS
LogInit:      CURL_VERSION_LARGEFILE
LogInit:      CURL_VERSION_IDN
LogInit:  CurlRequestOptions (configurable via config and command line):
LogInit:  - bVerifyPeer = true  - Libcurl will verify peer certificate
LogInit:  - bUseHttpProxy = false  - Libcurl will NOT use HTTP proxy
LogInit:  - bDontReuseConnections = false  - Libcurl will reuse connections
LogInit:  - CertBundlePath = nullptr  - Libcurl will use whatever was configured at build time.
LogInit: Presizing for max 8388607 objects, including 0 objects not considered by GC, pre-allocating 0 bytes for permanent pool.
LogInit: Object subsystem initialized
[2017.01.13-07.58.32:437][  0]LogInit: Selected Device Profile: [Windows]
[2017.01.13-07.58.32:437][  0]LogInit: Applying CVar settings loaded from the selected device profile: [Windows]
[2017.01.13-07.58.32:458][  0]LogInit: Computer: KTS-20160508KDA
[2017.01.13-07.58.32:458][  0]LogInit: User: Administrator
[2017.01.13-07.58.32:458][  0]LogInit: CPU Page size=65536, Cores=4
[2017.01.13-07.58.32:458][  0]LogInit: High frequency timer resolution =3.914199 MHz
[2017.01.13-07.58.32:458][  0]LogMemory: Memory total: Physical=31.9GB (32GB approx)
[2017.01.13-07.58.32:458][  0]LogMemory: Platform Memory Stats for Windows
[2017.01.13-07.58.32:459][  0]LogMemory: Process Physical Memory: 192.21 MB used, 192.21 MB peak
[2017.01.13-07.58.32:459][  0]LogMemory: Process Virtual Memory: 197.20 MB used, 197.20 MB peak
[2017.01.13-07.58.32:459][  0]LogMemory: Physical Memory: 9688.78 MB used, 32687.54 MB total
[2017.01.13-07.58.32:459][  0]LogMemory: Virtual Memory: 518.60 MB used, 8388608.00 MB total
[2017.01.13-07.58.33:008][  0]LogD3D11RHI: D3D11 adapters:
[2017.01.13-07.58.33:036][  0]LogD3D11RHI:    0. 'NVIDIA GeForce GTX 980 Ti' (Feature Level 11_0)
[2017.01.13-07.58.33:036][  0]LogD3D11RHI:       6048/0/16087 MB DedicatedVideo/DedicatedSystem/SharedSystem, Outputs:2, VendorId:0x10de
[2017.01.13-07.58.33:036][  0]LogD3D11RHI: Chosen D3D11 Adapter: 0
[2017.01.13-07.58.33:044][  0]LogD3D11RHI: Creating new Direct3DDevice
[2017.01.13-07.58.33:045][  0]LogD3D11RHI:     GPU DeviceId: 0x17c8 (for the marketing name, search the web for "GPU Device Id")
[2017.01.13-07.58.33:045][  0]LogWindows: EnumDisplayDevices:
[2017.01.13-07.58.33:045][  0]LogWindows:    0. 'NVIDIA GeForce GTX 980 Ti' (P:1 D:1)
[2017.01.13-07.58.33:046][  0]LogWindows:    1. 'NVIDIA GeForce GTX 980 Ti' (P:0 D:1)
[2017.01.13-07.58.33:047][  0]LogWindows:    2. 'NVIDIA GeForce GTX 980 Ti' (P:0 D:0)
[2017.01.13-07.58.33:049][  0]LogWindows:    3. 'NVIDIA GeForce GTX 980 Ti' (P:0 D:0)
[2017.01.13-07.58.33:049][  0]LogWindows:    4. 'RDPDD Chained DD' (P:0 D:0)
[2017.01.13-07.58.33:050][  0]LogWindows:    5. 'RDP Encoder Mirror Driver' (P:0 D:0)
[2017.01.13-07.58.33:051][  0]LogWindows:    6. 'RDP Reflector Display Driver' (P:0 D:0)
[2017.01.13-07.58.33:052][  0]LogWindows: DebugString: GetVideoDriverDetailsInvalid PrimaryIsNotTheChoosenAdapter GetVideoDriverDetailsInvalid PrimaryIsNotTheChoosenAdapter GetVideoDriverDetailsInvalid PrimaryIsNotTheChoosenAdapter FoundDriverCount:4 
[2017.01.13-07.58.33:052][  0]LogD3D11RHI:     Adapter Name: NVIDIA GeForce GTX 980 Ti
[2017.01.13-07.58.33:052][  0]LogD3D11RHI:   Driver Version: 353.06 (internal:9.18.13.5306, unified:353.06)
[2017.01.13-07.58.33:052][  0]LogD3D11RHI:      Driver Date: 5-27-2015
[2017.01.13-07.58.33:052][  0]LogRHI: Texture pool is 1361 MB (70% of 1945 MB)
[2017.01.13-07.58.33:067][  0]LogD3D11RHI: Async texture creation enabled
[2017.01.13-07.58.33:082][  0]LogD3D11RHI: GPU Timing Frequency: 1000.000000 (Debug: 2 2)
[2017.01.13-07.58.33:082][  0]LogShaderCompilers: Guid format shader working directory is 17 characters bigger than the processId version (G:/test_rpg_1225/MyProject_1227/Intermediate/Shaders/WorkingDirectory/16344/).
[2017.01.13-07.58.33:082][  0]LogShaderCompilers: Cleaned the shader compiler working directory 'C:/Users/ADMINI~1/AppData/Local/Temp/UnrealShaderWorkingDir/A1F6D23949E10B0684F3EAA4E7A30B5D/'.
[2017.01.13-07.58.33:082][  0]LogShaderCompilers:Display: Using Local Shader Compiler.
[2017.01.13-07.58.34:625][  0]LogTemp:Display: Loaded TP AllDesktopTargetPlatform
[2017.01.13-07.58.34:635][  0]LogTemp:Display: Loaded TP WindowsClientTargetPlatform
[2017.01.13-07.58.34:645][  0]LogTemp:Display: Loaded TP WindowsNoEditorTargetPlatform
[2017.01.13-07.58.34:655][  0]LogTemp:Display: Loaded TP WindowsServerTargetPlatform
[2017.01.13-07.58.34:665][  0]LogTemp:Display: Loaded TP WindowsTargetPlatform
[2017.01.13-07.58.34:674][  0]LogTemp:Display: Loaded TP AndroidTargetPlatform
[2017.01.13-07.58.34:683][  0]LogTemp:Display: Loaded TP Android_ASTCTargetPlatform
[2017.01.13-07.58.34:693][  0]LogTemp:Display: Loaded TP Android_ATCTargetPlatform
[2017.01.13-07.58.34:702][  0]LogTemp:Display: Loaded TP Android_DXTTargetPlatform
[2017.01.13-07.58.34:710][  0]LogTemp:Display: Loaded TP Android_ETC1TargetPlatform
[2017.01.13-07.58.34:720][  0]LogTemp:Display: Loaded TP Android_ETC2TargetPlatform
[2017.01.13-07.58.34:738][  0]LogTemp:Display: Loaded TP Android_MultiTargetPlatform
[2017.01.13-07.58.34:739][  0]LogTemp:Display: Loaded TP Android_PVRTCTargetPlatform
[2017.01.13-07.58.34:740][  0]LogTemp:Display: Loaded TP HTML5TargetPlatform
[2017.01.13-07.58.34:762][  0]LogTemp:Display: Loaded TP IOSTargetPlatform
[2017.01.13-07.58.34:770][  0]LogTemp:Display: Loaded TP TVOSTargetPlatform
[2017.01.13-07.58.34:779][  0]LogTemp:Display: Loaded TP LinuxNoEditorTargetPlatform
[2017.01.13-07.58.34:788][  0]LogTemp:Display: Loaded TP LinuxServerTargetPlatform
[2017.01.13-07.58.34:797][  0]LogTemp:Display: Loaded TP LinuxTargetPlatform
[2017.01.13-07.58.34:797][  0]LogTargetPlatformManager:Display: Building Assets For Windows
[2017.01.13-07.58.34:903][  0]LogDerivedDataCache:Display: Max Cache Size: 512 MB
[2017.01.13-07.58.34:951][  0]LogDerivedDataCache: Loaded boot cache 0.05s 48MB C:/Users/Administrator/AppData/Local/UnrealEngine/4.12/DerivedDataCache/Boot.ddc.
[2017.01.13-07.58.34:951][  0]LogDerivedDataCache:Display: Loaded Boot cache: C:/Users/Administrator/AppData/Local/UnrealEngine/4.12/DerivedDataCache/Boot.ddc
[2017.01.13-07.58.34:951][  0]LogDerivedDataCache: FDerivedDataBackendGraph:  Pak pak cache file G:/test_rpg_1225/MyProject_1227/DerivedDataCache/DDC.ddp not found, will not use a pak cache.
[2017.01.13-07.58.34:951][  0]LogDerivedDataCache: Unable to find inner node Pak for hierarchical cache Hierarchy.
[2017.01.13-07.58.34:951][  0]LogDerivedDataCache: FDerivedDataBackendGraph:  CompressedPak pak cache file G:/test_rpg_1225/MyProject_1227/DerivedDataCache/Compressed.ddp not found, will not use a pak cache.
[2017.01.13-07.58.34:951][  0]LogDerivedDataCache: Unable to find inner node CompressedPak for hierarchical cache Hierarchy.
[2017.01.13-07.58.34:971][  0]LogDerivedDataCache:Display: Pak cache opened for reading ../../../Engine/DerivedDataCache/Compressed.ddp.
[2017.01.13-07.58.34:985][  0]LogDerivedDataCache: Using Local data cache path C:/Users/Administrator/AppData/Local/UnrealEngine/Common/DerivedDataCache: Writable
[2017.01.13-07.58.35:194][  0]LogInit: Selected Device Profile: [Windows]
[2017.01.13-07.58.35:195][  0]LogContentStreaming: Texture pool size is 0.00 MB
[2017.01.13-07.58.35:375][  0]LogMeshUtilities: No automatic mesh reduction module available
[2017.01.13-07.58.35:375][  0]LogMeshUtilities: No automatic mesh merging module available
[2017.01.13-07.58.35:375][  0]LogMeshUtilities: No distributed automatic mesh merging module available
[2017.01.13-07.58.35:642][  0]LogAssetRegistry: FAssetRegistry took 0.0195 seconds to start up
[2017.01.13-07.58.35:690][  0]LogPackageLocalizationCache: Processed 3 localized package path(s) for 1 prioritized culture(s) in 0.045347 seconds
[2017.01.13-07.58.35:695][  0]LogUObjectArray: 28739 objects as part of root set at end of initial load.
[2017.01.13-07.58.35:695][  0]LogUObjectAllocator: 5855632 out of 0 bytes used by permanent object pool.
[2017.01.13-07.58.35:695][  0]LogUObjectArray: CloseDisregardForGC: 0/0 objects in disregard for GC pool
[2017.01.13-07.58.35:702][  0]LogInit: WinSock: version 1.1 (2.2), MaxSocks=32767, MaxUdp=65467
[2017.01.13-07.58.35:889][  0]LogSlate: SlateFontCache - WITH_FREETYPE: 1, WITH_HARFBUZZ: 1
[2017.01.13-07.58.35:889][  0]LogSlate: SlateFontCache - WITH_FREETYPE: 1, WITH_HARFBUZZ: 1
[2017.01.13-07.58.36:897][  0]LogSubstanceCoreModule: Substance CPU Engine Loaded, Max Texture Size 2048
[2017.01.13-07.58.36:907][  0]LogUdpMessaging: Initializing bridge on interface 0.0.0.0:0 to multicast group 230.0.0.1:6666.
[2017.01.13-07.58.37:175][  0]SourceControl: Info Source control is disabled
[2017.01.13-07.58.37:176][  0]SourceControl: Info Source control is disabled
[2017.01.13-07.58.37:187][  0]SourceControl: Info Source control is disabled
[2017.01.13-07.58.37:197][  0]SourceControl: Info Source control is disabled
[2017.01.13-07.58.38:355][  0]LogEngine: Initializing Engine...
[2017.01.13-07.58.38:363][  0]LogHMD: SteamVR failed to initialize.  Err: 110
[2017.01.13-07.58.38:390][  0]LogHMD: SteamVR failed to initialize.  Err: 110
[2017.01.13-07.58.38:541][  0]LogAIModule: Creating AISystem for world NewWorld
[2017.01.13-07.58.38:574][  0]LogInit: XAudio2 using '扬声器 (Realtek High Definition Audio)' : 2 channels at 48 kHz using 32 bits per sample (channel mask 0x3)
[2017.01.13-07.58.38:608][  0]LogInit: FAudioDevice initialized.
[2017.01.13-07.58.38:641][  0]LogDerivedDataCache: Saved boot cache 0.03s 48MB C:/Users/Administrator/AppData/Local/UnrealEngine/4.12/DerivedDataCache/Boot.ddc.
[2017.01.13-07.58.38:644][  0]LogInit: Texture streaming: Enabled
[2017.01.13-07.58.38:674][  0]LogInit: Transaction tracking system initialized
[2017.01.13-07.58.38:697][  0]BlueprintLog: New page: Editor Load
[2017.01.13-07.58.38:778][  0]LocalizationService: Info Localization service is disabled
[2017.01.13-07.58.38:846][  0]LogConsoleResponse:Display: 
[2017.01.13-07.58.38:979][  0]LogCook:Display: Max memory allowance for cook 8192mb
[2017.01.13-07.58.38:979][  0]LogCook:Display: Mobile HDR setting 1
[2017.01.13-07.58.39:089][  0]LogFileCache: Scanning file cache for directory 'G:/test_rpg_1225/MyProject_1227/Content/' took 0.02s
[2017.01.13-07.58.39:089][  0]SourceControl: Info Source control is disabled
[2017.01.13-07.58.39:089][  0]Cmd: MAP LOAD FILE="G:/test_rpg_1225/MyProject_1227/Content/ThirdPersonBP/Maps/wx_test_02.umap" TEMPLATE=0 SHOWPROGRESS=1 FEATURELEVEL=3
[2017.01.13-07.58.39:132][  0]LightingResults: New page: Lighting Build
[2017.01.13-07.58.39:135][  0]MapCheck: New page: Map Check
[2017.01.13-07.58.39:135][  0]LightingResults: New page: Lighting Build
[2017.01.13-07.58.42:300][  0]LogBlueprint:Warning: USimpleConstructionScript::FixupRootNodeParentReferences() - Couldn't find inherited parent component 'Scene1' for 'WeaponCollision' in BlueprintGeneratedClass 'REINST_Item_Weapon_C_116' (it may have been removed)
[2017.01.13-07.58.42:300][  0]LogBlueprint:Warning: USimpleConstructionScript::FixupRootNodeParentReferences() - Couldn't find inherited parent component 'StaticMesh' for 'ParticleSystem' in BlueprintGeneratedClass 'REINST_Item_Weapon_C_116' (it may have been removed)
[2017.01.13-07.58.42:733][  0]LogBlueprint:Warning: Compiler Warning InputAction Event references unknown Action 'SecondaryAttack' for  InputAction SecondaryAttack 
[2017.01.13-07.58.42:733][  0]LogBlueprint:Warning: Compiler Warning InputAction Event references unknown Action 'Attack' for  InputAction Attack 
[2017.01.13-07.58.42:733][  0]LogBlueprint:Warning: Compiler Warning InputAction Event references unknown Action 'Use' for  InputAction Use 
[2017.01.13-07.58.42:733][  0]LogBlueprint:Warning: Compiler Warning InputAction Event references unknown Action 'Inventory' for  InputAction Inventory 
[2017.01.13-07.58.42:733][  0]LogBlueprint:Warning: Compiler Warning 'LastUsedItem' is already a 'Item', you don't need  Cast To Item .
[2017.01.13-07.58.42:734][  0]LogBlueprint:Warning: Compiler Warning InputAction Event references unknown Action 'Use' for  InputAction Use 
[2017.01.13-07.58.42:759][  0]LogBlueprint:Warning: Compiler Warning [0011.45] Compile of RPGCharacter successful, but with 6 Warning(s) [in 54 ms] (/Game/RPGStarterKit/Blueprints/Characters/RPGCharacter.RPGCharacter)
[2017.01.13-07.58.42:760][  0]LogBlueprint:Warning: Compiler Warning [0011.45] Compile of RPGCharacter successful, but with 7 Warning(s) [in 1 ms] (/Game/RPGStarterKit/Blueprints/Characters/RPGCharacter.RPGCharacter)
[2017.01.13-07.58.42:760][  0]LogBlueprint:Warning: Compiler Warning [0011.45] Compile of RPGCharacter successful, but with 8 Warning(s) [in 0 ms] (/Game/RPGStarterKit/Blueprints/Characters/RPGCharacter.RPGCharacter)
[2017.01.13-07.58.43:102][  0]LogBlueprint:Warning: Compiler Warning InputAction Event references unknown Action 'SecondaryAttack' for  InputAction SecondaryAttack 
[2017.01.13-07.58.43:103][  0]LogBlueprint:Warning: Compiler Warning InputAction Event references unknown Action 'Attack' for  InputAction Attack 
[2017.01.13-07.58.43:103][  0]LogBlueprint:Warning: Compiler Warning InputAction Event references unknown Action 'Use' for  InputAction Use 
[2017.01.13-07.58.43:103][  0]LogBlueprint:Warning: Compiler Warning InputAction Event references unknown Action 'Inventory' for  InputAction Inventory 
[2017.01.13-07.58.43:103][  0]LogBlueprint:Warning: Compiler Warning 'LastUsedItem' is already a 'Item', you don't need  Cast To Item .
[2017.01.13-07.58.43:104][  0]LogBlueprint:Warning: Compiler Warning InputAction Event references unknown Action 'Use' for  InputAction Use 
[2017.01.13-07.58.43:129][  0]LogBlueprint:Warning: Compiler Warning [0011.82] Compile of RPGCharacter successful, but with 6 Warning(s) [in 55 ms] (/Game/RPGStarterKit/Blueprints/Characters/RPGCharacter.RPGCharacter)
[2017.01.13-07.58.43:129][  0]LogBlueprint:Warning: Compiler Warning [0011.82] Compile of RPGCharacter successful, but with 7 Warning(s) [in 0 ms] (/Game/RPGStarterKit/Blueprints/Characters/RPGCharacter.RPGCharacter)
[2017.01.13-07.58.43:132][  0]LogBlueprint:Warning: Compiler Warning [0011.82] Compile of RPGCharacter successful, but with 8 Warning(s) [in 2 ms] (/Game/RPGStarterKit/Blueprints/Characters/RPGCharacter.RPGCharacter)
[2017.01.13-07.58.46:400][  0]LogAIModule: Creating AISystem for world wx_test_02
[2017.01.13-07.58.46:441][  0]LogEditorServer: Finished looking for orphan Actors (0.000 secs)
[2017.01.13-07.58.46:441][  0]Cmd: MAP CHECKDEP NOCLEARLOG
[2017.01.13-07.58.46:546][  0]MapCheck: Info Map check complete: 0 Error(s), 0 Warning(s), took 104.779ms to complete.
[2017.01.13-07.58.46:546][  0]LogFileHelpers: Loading map 'wx_test_02' took 7.457
[2017.01.13-07.58.46:637][  0]LogCollectionManager: Loaded 0 collections in 0.001732 seconds
[2017.01.13-07.58.46:684][  0]LogFileCache: Scanning file cache for directory 'G:/test_rpg_1225/MyProject_1227/Saved/Collections/' took 0.01s
[2017.01.13-07.58.46:684][  0]LogFileCache: Scanning file cache for directory 'G:/test_rpg_1225/MyProject_1227/Content/Developers/Administrator/Collections/' took 0.01s
[2017.01.13-07.58.46:684][  0]LogFileCache: Scanning file cache for directory 'G:/test_rpg_1225/MyProject_1227/Content/Collections/' took 0.01s
[2017.01.13-07.58.46:684][  0]LogCollectionManager: Rebuilt the GUID cache for 0 collections in 0.000003 seconds
[2017.01.13-07.58.46:693][  0]LogContentBrowser: Native class hierarchy populated in 0.0091 seconds. Added 2062 classes and 375 folders.
[2017.01.13-07.58.46:697][  0]LogStats: UGameplayTagsManager::ConstructGameplayTagTree: Construct from data asset -  0.000 s
[2017.01.13-07.58.46:697][  0]LogStats: UGameplayTagsManager::ConstructGameplayTagTree: GameplayTagTreeChangedEvent.Broadcast -  0.000 s
[2017.01.13-07.58.46:697][  0]LogContentBrowser: Native class hierarchy updated for 'GameplayTags' in 0.0005 seconds. Added 12 classes and 0 folders.
[2017.01.13-07.58.46:702][  0]LogContentBrowser: Native class hierarchy updated for 'WidgetCarousel' in 0.0004 seconds. Added 0 classes and 0 folders.
[2017.01.13-07.58.46:769][  0]LogContentBrowser: Native class hierarchy updated for 'AddContentDialog' in 0.0005 seconds. Added 0 classes and 0 folders.
[2017.01.13-07.58.46:845][  0]LogContentBrowser: Native class hierarchy updated for 'SceneOutliner' in 0.0005 seconds. Added 1 classes and 2 folders.
[2017.01.13-07.58.46:996][  0]LogCrashTracker: Crashtracker disabled due to settings.
[2017.01.13-07.58.47:001][  0]LogUObjectGlobals:Warning: Failed to find object 'Class None.'
[2017.01.13-07.58.47:026][  0]LogContentBrowser: Native class hierarchy updated for 'HierarchicalLODOutliner' in 0.0005 seconds. Added 1 classes and 2 folders.
[2017.01.13-07.58.47:026][  0]LogLoad: Full Startup: 15.72 seconds (BP compile: 0.94 seconds)
[2017.01.13-07.58.47:026][  0]LogExternalProfiler: Found external profiler: VSPerf
[2017.01.13-07.58.47:026][  0]LogExternalProfiler: Using external profiler: VSPerf
[2017.01.13-07.58.47:365][  0]LogOcInput: OculusInput pre-init called
[2017.01.13-07.58.47:401][  0]LogContentStreaming: Texture pool size now 1000 MB
[2017.01.13-07.58.47:587][  0]LogRenderer: Reallocating scene render targets to support 1388x924 (Frame:2).
[2017.01.13-07.58.48:052][  2]LogAssetRegistry: Asset discovery search completed in 12.4295 seconds
[2017.01.13-07.58.48:052][  2]LogCollectionManager: Rebuilt the object cache for 0 collections in 0.000001 seconds (found 0 objects)
[2017.01.13-07.58.48:052][  2]LogCollectionManager: Fixed up redirectors for 0 collections in 0.000027 seconds (updated 0 objects)
[2017.01.13-08.07.23:812][129]LogEditorViewport: Clicking on Actor (LMB): Emitter (Skill08)
[2017.01.13-08.07.27:154][461]LogContentBrowser: Native class hierarchy updated for 'Cascade' in 0.0006 seconds. Added 2 classes and 2 folders.
[2017.01.13-08.07.58:082][578]Cmd: OBJ SAVEPACKAGE PACKAGE="/Game/ThirdPersonBP/particles/lizi_02/Skill08" FILE="G:/test_rpg_1225/MyProject_1227/Content/ThirdPersonBP/particles/lizi_02/Skill08.uasset" SILENT=true
[2017.01.13-08.07.58:362][578]LogSavePackage: Save=71.54ms
[2017.01.13-08.07.58:362][578]LogSavePackage: Moving 'G:/test_rpg_1225/MyProject_1227/Saved/Skill08EC608685450ABAFCED63978AF68DFBAC.tmp' to 'G:/test_rpg_1225/MyProject_1227/Content/ThirdPersonBP/particles/lizi_02/Skill08.uasset'
[2017.01.13-08.07.58:368][578]LogSavePackage:Display: Finished SavePackage G:/test_rpg_1225/MyProject_1227/Content/ThirdPersonBP/particles/lizi_02/Skill08.uasset
[2017.01.13-08.08.22:346][154]LogMaterial: Missing cached shader map for material expole01, compiling. 
[2017.01.13-08.08.22:448][154]LogMaterial: Missing cached shader map for material expole01, compiling. 
[2017.01.13-08.08.22:456][154]LogMaterial: 0.00 seconds spent updating 1 materials, 1 interfaces, 0 instances, 0 with static permutations.
[2017.01.13-08.08.22:480][154]LogMaterial: Missing cached shader map for material FMatExpressionPreview MaterialExpressionTextureSample_0, compiling. 
[2017.01.13-08.08.22:484][154]LogMaterial: Missing cached shader map for material FMatExpressionPreview MaterialExpressionDepthFade_0, compiling. 
[2017.01.13-08.08.24:667][297]MaterialEditorStats: Info Base pass shader without light map: 25 instructions
[2017.01.13-08.08.24:667][297]MaterialEditorStats: Info Vertex shader: 68 instructions
[2017.01.13-08.08.24:667][297]MaterialEditorStats: Info Texture samplers: 4/16
[2017.01.13-08.09.12:682][620]LogSavePackage: Save=330.55ms
[2017.01.13-08.09.12:682][620]LogSavePackage: Moving 'G:/test_rpg_1225/MyProject_1227/Saved/wx_test_02_Auto1EC8A6C1F4E61E59AF90214921BB8921A.tmp' to 'G:/test_rpg_1225/MyProject_1227/Saved/Autosaves/Game/ThirdPersonBP/Maps/wx_test_02_Auto1.umap'
[2017.01.13-08.09.12:686][620]LogSavePackage:Display: Finished SavePackage G:/test_rpg_1225/MyProject_1227/Saved/Autosaves/Game/ThirdPersonBP/Maps/wx_test_02_Auto1.umap
[2017.01.13-08.09.12:689][620]LogFileHelpers: Editor autosave (incl. sublevels) for '/Game/ThirdPersonBP/Maps/wx_test_02' took 0.514
[2017.01.13-08.09.12:689][620]LogFileHelpers: Editor autosave (incl. sublevels) for all levels took 0.514
[2017.01.13-08.10.20:724][520]LogEditorViewport: Clicking on Actor (LMB): Emitter (Skill08)
[2017.01.13-08.11.06:076][265]LogMaterial: Missing cached shader map for material expole01, compiling. 
[2017.01.13-08.11.06:087][265]LogMaterial: Missing cached shader map for material expole01, compiling. 
[2017.01.13-08.11.06:092][265]LogMaterial: 0.00 seconds spent updating 1 materials, 1 interfaces, 0 instances, 0 with static permutations.
[2017.01.13-08.11.07:325][349]LogMaterialEditor: Applying material expole01
[2017.01.13-08.11.07:802][349]LogMaterial: Missing cached shader map for material expole01, compiling. 
[2017.01.13-08.11.07:814][349]LogMaterial: 0.00 seconds spent updating 1 materials, 1 interfaces, 0 instances, 0 with static permutations.
[2017.01.13-08.11.07:883][349]LogMaterial: Missing cached shader map for material expole01, compiling. 
[2017.01.13-08.11.07:909][349]LogMaterial: Missing cached shader map for material expole01, compiling. 
[2017.01.13-08.11.07:929][349]LogMaterial: 0.00 seconds spent updating 1 materials, 1 interfaces, 0 instances, 0 with static permutations.
[2017.01.13-08.11.12:112][617]MaterialEditorStats: Info Base pass shader without light map: 49 instructions
[2017.01.13-08.11.12:112][617]MaterialEditorStats: Info Vertex shader: 68 instructions
[2017.01.13-08.11.12:112][617]MaterialEditorStats: Info Texture samplers: 7/16
[2017.01.13-08.11.13:396][724]LogEditorViewport: Clicking on Actor (LMB): Emitter (Skill08)
[2017.01.13-08.11.51:996][502]LogMaterial: Missing cached shader map for material expole01, compiling. 
[2017.01.13-08.11.52:000][502]LogMaterial: 0.00 seconds spent updating 1 materials, 1 interfaces, 0 instances, 0 with static permutations.
[2017.01.13-08.11.53:582][619]MaterialEditorStats: Info Base pass shader without light map: 25 instructions
[2017.01.13-08.11.53:582][619]MaterialEditorStats: Info Vertex shader: 68 instructions
[2017.01.13-08.11.53:582][619]MaterialEditorStats: Info Texture samplers: 3/16
[2017.01.13-08.11.53:835][642]LogMaterialEditor: Applying material expole01
[2017.01.13-08.11.54:267][642]LogMaterial: Missing cached shader map for material expole01, compiling. 
[2017.01.13-08.11.54:276][642]LogMaterial: 0.00 seconds spent updating 1 materials, 1 interfaces, 0 instances, 0 with static permutations.
[2017.01.13-08.11.54:301][642]LogMaterial: Missing cached shader map for material expole01, compiling. 
[2017.01.13-08.11.54:319][642]LogMaterial: Missing cached shader map for material expole01, compiling. 
[2017.01.13-08.11.54:402][642]LogMaterial: 0.00 seconds spent updating 1 materials, 1 interfaces, 0 instances, 0 with static permutations.
[2017.01.13-08.11.58:688][937]MaterialEditorStats: Info Base pass shader without light map: 49 instructions
[2017.01.13-08.11.58:688][937]MaterialEditorStats: Info Vertex shader: 68 instructions
[2017.01.13-08.11.58:688][937]MaterialEditorStats: Info Texture samplers: 7/16
[2017.01.13-08.12.10:996][ 36]LogMaterialEditor: Saving and Compiling material expole01
[2017.01.13-08.12.11:040][ 36]Cmd: OBJ SAVEPACKAGE PACKAGE="/Game/ThirdPersonBP/particles/lizi_02/expole01" FILE="G:/test_rpg_1225/MyProject_1227/Content/ThirdPersonBP/particles/lizi_02/expole01.uasset" SILENT=true
[2017.01.13-08.12.11:065][ 36]LogSavePackage: Save=16.75ms
[2017.01.13-08.12.11:065][ 36]LogSavePackage: Moving 'G:/test_rpg_1225/MyProject_1227/Saved/expole010418D2A44F4DD917BA635BAEFF5BDE56.tmp' to 'G:/test_rpg_1225/MyProject_1227/Content/ThirdPersonBP/particles/lizi_02/expole01.uasset'
[2017.01.13-08.12.11:070][ 36]LogSavePackage:Display: Finished SavePackage G:/test_rpg_1225/MyProject_1227/Content/ThirdPersonBP/particles/lizi_02/expole01.uasset
[2017.01.13-08.12.26:495][792]Cmd: OBJ SAVEPACKAGE PACKAGE="/Game/ThirdPersonBP/particles/lizi_02/expole01_Inst" FILE="G:/test_rpg_1225/MyProject_1227/Content/ThirdPersonBP/particles/lizi_02/expole01_Inst.uasset" SILENT=true
[2017.01.13-08.12.26:512][792]LogSavePackage: Save=9.59ms
[2017.01.13-08.12.26:512][792]LogSavePackage: Moving 'G:/test_rpg_1225/MyProject_1227/Saved/expole01_InstFE2B1C72492BC46158B35AB9C14AFDBB.tmp' to 'G:/test_rpg_1225/MyProject_1227/Content/ThirdPersonBP/particles/lizi_02/expole01_Inst.uasset'
[2017.01.13-08.12.26:518][792]LogSavePackage:Display: Finished SavePackage G:/test_rpg_1225/MyProject_1227/Content/ThirdPersonBP/particles/lizi_02/expole01_Inst.uasset
[2017.01.13-08.16.27:090][787]LogCascade: Non-seeded module ParticleModuleParameterDynamic
[2017.01.13-08.21.23:447][652]0.465847
[2017.01.13-08.21.23:458][653]0.476100
[2017.01.13-08.21.23:460][653]0.486359
[2017.01.13-08.21.23:471][654]0.483226
[2017.01.13-08.21.23:492][656]0.480975
[2017.01.13-08.21.23:493][656]0.489694
[2017.01.13-08.21.23:513][658]0.500108
[2017.01.13-08.21.23:525][659]0.500976
[2017.01.13-08.21.23:536][660]0.511372
[2017.01.13-08.21.23:566][663]0.513067
[2017.01.13-08.21.23:587][665]0.514229
[2017.01.13-08.21.23:598][666]0.515599
[2017.01.13-08.21.23:611][667]0.517175
[2017.01.13-08.21.23:622][668]0.529204
[2017.01.13-08.21.23:643][670]0.545758
[2017.01.13-08.21.23:662][672]0.558337
[2017.01.13-08.21.23:718][678]0.560955
[2017.01.13-08.21.23:730][679]0.573768
[2017.01.13-08.21.23:742][680]0.576692
[2017.01.13-08.21.24:022][712]0.592927
[2017.01.13-08.21.24:065][716]0.602818
[2017.01.13-08.21.24:081][717]0.648934
[2017.01.13-08.21.24:095][718]0.675479
[2017.01.13-08.21.24:109][719]0.688840
[2017.01.13-08.21.24:139][722]0.702256
[2017.01.13-08.21.24:141][722]0.706032
[2017.01.13-08.21.24:153][723]0.715724
[2017.01.13-08.21.24:166][724]0.725437
[2017.01.13-08.21.24:257][734]0.738923
[2017.01.13-08.21.24:270][735]0.766032
[2017.01.13-08.21.24:282][736]0.779651
[2017.01.13-08.21.24:375][746]0.802895
[2017.01.13-08.21.24:738][787]0.807006
[2017.01.13-08.21.24:750][788]0.825024
[2017.01.13-08.21.24:780][791]0.829418
[2017.01.13-08.21.31:934][549]0.965609
[2017.01.13-08.21.32:244][584]0.972718
[2017.01.13-08.21.32:255][585]0.979887
[2017.01.13-08.21.32:267][586]0.987113
[2017.01.13-08.21.32:268][586]0.994396
[2017.01.13-08.21.32:288][588]0.994396
[2017.01.13-08.21.32:299][589]1.001843
[2017.01.13-08.21.32:310][590]1.009342
[2017.01.13-08.21.32:322][591]1.002168
[2017.01.13-08.21.32:342][593]1.017426
[2017.01.13-08.21.32:352][594]1.025975
[2017.01.13-08.21.32:364][595]1.028300
[2017.01.13-08.21.32:383][597]1.029776
[2017.01.13-08.21.32:395][598]1.037910
[2017.01.13-08.21.32:396][598]1.046084
[2017.01.13-08.21.32:407][599]1.041667
[2017.01.13-08.21.32:418][600]1.060762
[2017.01.13-08.21.32:430][601]1.063317
[2017.01.13-08.21.32:452][603]1.086534
[2017.01.13-08.21.32:463][604]1.104167
[2017.01.13-08.21.32:475][605]1.098699
[2017.01.13-08.21.32:495][607]1.134461
[2017.01.13-08.21.32:507][608]1.133169
[2017.01.13-08.21.32:518][609]1.146449
[2017.01.13-08.21.32:547][612]1.155640
[2017.01.13-08.21.32:733][633]1.174084
[2017.01.13-08.21.32:754][635]1.178603
[2017.01.13-08.21.32:766][636]1.187911
[2017.01.13-08.21.32:777][637]1.211427
[2017.01.13-08.21.32:798][639]1.225896
[2017.01.13-08.21.32:835][643]1.235375
[2017.01.13-08.21.32:835][643]1.240633
[2017.01.13-08.21.32:924][653]1.250174
[2017.01.13-08.21.32:961][657]1.259728
[2017.01.13-08.21.32:982][659]1.269295
[2017.01.13-08.21.33:010][662]1.278877
[2017.01.13-08.21.33:129][675]1.290196
[2017.01.13-08.21.33:316][696]1.309562
[2017.01.13-08.21.33:345][699]1.319262
[2017.01.13-08.21.33:428][708]1.338694
[2017.01.13-08.21.33:442][709]1.348425
[2017.01.13-08.21.33:479][713]1.364305
[2017.01.13-08.21.33:536][719]1.374092
[2017.01.13-08.21.33:556][721]1.383889
[2017.01.13-08.21.33:705][737]1.393694
[2017.01.13-08.21.33:743][741]1.403508
[2017.01.13-08.21.33:754][742]1.409910
[2017.01.13-08.21.33:926][761]1.419765
[2017.01.13-08.21.35:133][897]1.433002
[2017.01.13-08.21.35:146][898]1.436443
[2017.01.13-08.21.35:158][899]1.447167
[2017.01.13-08.21.35:169][900]1.452742
[2017.01.13-08.21.35:181][901]1.460787
[2017.01.13-08.21.35:192][902]1.464903
[2017.01.13-08.21.35:204][903]1.477625
[2017.01.13-08.21.35:215][904]1.486411
[2017.01.13-08.21.35:227][905]1.490894
[2017.01.13-08.21.35:239][906]1.495436
[2017.01.13-08.21.35:250][907]1.490712
[2017.01.13-08.21.35:262][908]1.495399
[2017.01.13-08.21.35:283][910]1.500145
[2017.01.13-08.21.35:285][910]1.504947
[2017.01.13-08.21.35:296][911]1.495726
[2017.01.13-08.21.35:308][912]1.505560
[2017.01.13-08.21.35:319][913]1.496415
[2017.01.13-08.21.35:339][915]1.502638
[2017.01.13-08.21.35:351][916]1.507864
[2017.01.13-08.21.35:362][917]1.500651
[2017.01.13-08.21.35:383][919]1.511602
[2017.01.13-08.21.35:394][920]1.517154
[2017.01.13-08.21.35:406][921]1.514004
[2017.01.13-08.21.35:428][923]1.519691
[2017.01.13-08.21.35:429][923]1.525428
[2017.01.13-08.21.35:451][925]1.531215
[2017.01.13-08.21.35:480][928]1.537050
[2017.01.13-08.21.35:493][929]1.548864
[2017.01.13-08.21.35:504][930]1.552398
[2017.01.13-08.21.35:516][931]1.543952
[2017.01.13-08.21.35:527][932]1.556272
[2017.01.13-08.21.35:583][938]1.562500
[2017.01.13-08.21.35:604][940]1.575088
[2017.01.13-08.21.35:642][944]1.581448
[2017.01.13-08.21.35:653][945]1.586141
[2017.01.13-08.21.35:700][950]1.599221
[2017.01.13-08.21.35:720][952]1.605823
[2017.01.13-08.21.35:740][954]1.619147
[2017.01.13-08.21.35:787][959]1.625868
[2017.01.13-08.21.35:824][963]1.639426
[2017.01.13-08.21.35:853][966]1.646262
[2017.01.13-08.21.35:890][970]1.660046
[2017.01.13-08.21.35:901][971]1.666992
[2017.01.13-08.21.35:921][973]1.673975
[2017.01.13-08.21.35:941][975]1.680993
[2017.01.13-08.21.36:278][ 13]1.695135
[2017.01.13-08.21.36:290][ 14]1.709413
[2017.01.13-08.21.36:301][ 15]1.723825
[2017.01.13-08.21.36:312][ 16]1.731080
[2017.01.13-08.21.36:377][ 23]1.738367
[2017.01.13-08.21.36:482][ 34]1.745685
[2017.01.13-08.21.36:503][ 36]1.760540
[2017.01.13-08.21.54:200][915]LogEditorTransaction: Undo Edit Curve
[2017.01.13-08.21.54:223][915]LogMaterial: Missing cached shader map for material expole01, compiling. 
[2017.01.13-08.21.54:228][915]LogMaterial: 0.00 seconds spent updating 1 materials, 1 interfaces, 0 instances, 0 with static permutations.
[2017.01.13-08.21.55:821][ 34]MaterialEditorStats: Info Base pass shader without light map: 25 instructions
[2017.01.13-08.21.55:821][ 34]MaterialEditorStats: Info Vertex shader: 68 instructions
[2017.01.13-08.21.55:821][ 34]MaterialEditorStats: Info Texture samplers: 3/16
[2017.01.13-08.21.57:723][224]LogEditorTransaction: Undo Edit Curve
[2017.01.13-08.21.57:740][224]LogMaterial: Missing cached shader map for material expole01, compiling. 
[2017.01.13-08.21.57:744][224]LogMaterial: 0.00 seconds spent updating 1 materials, 1 interfaces, 0 instances, 0 with static permutations.
[2017.01.13-08.21.58:998][320]MaterialEditorStats: Info Base pass shader without light map: 25 instructions
[2017.01.13-08.21.58:998][320]MaterialEditorStats: Info Vertex shader: 68 instructions
[2017.01.13-08.21.58:998][320]MaterialEditorStats: Info Texture samplers: 3/16
[2017.01.13-08.23.04:603][  8]Cmd: OBJ SAVEPACKAGE PACKAGE="/Game/ThirdPersonBP/particles/lizi_02/expole01_Inst" FILE="G:/test_rpg_1225/MyProject_1227/Content/ThirdPersonBP/particles/lizi_02/expole01_Inst.uasset" SILENT=true
[2017.01.13-08.23.04:619][  8]LogSavePackage: Save=9.41ms
[2017.01.13-08.23.04:619][  8]LogSavePackage: Moving 'G:/test_rpg_1225/MyProject_1227/Saved/expole01_Inst336284AD430E065EE08CB588C250A7B3.tmp' to 'G:/test_rpg_1225/MyProject_1227/Content/ThirdPersonBP/particles/lizi_02/expole01_Inst.uasset'
[2017.01.13-08.23.04:625][  8]LogSavePackage:Display: Finished SavePackage G:/test_rpg_1225/MyProject_1227/Content/ThirdPersonBP/particles/lizi_02/expole01_Inst.uasset
[2017.01.13-08.23.08:132][334]LogMaterialEditor: Saving and Compiling material expole01
[2017.01.13-08.23.08:568][334]LogMaterial: Missing cached shader map for material expole01, compiling. 
[2017.01.13-08.23.08:577][334]LogMaterial: 0.00 seconds spent updating 1 materials, 1 interfaces, 0 instances, 0 with static permutations.
[2017.01.13-08.23.08:613][334]LogMaterial: Missing cached shader map for material expole01, compiling. 
[2017.01.13-08.23.08:630][334]LogMaterial: Missing cached shader map for material expole01, compiling. 
[2017.01.13-08.23.08:642][334]LogMaterial: 0.00 seconds spent updating 1 materials, 1 interfaces, 0 instances, 0 with static permutations.
[2017.01.13-08.23.12:769][334]Cmd: OBJ SAVEPACKAGE PACKAGE="/Game/ThirdPersonBP/particles/lizi_02/expole01" FILE="G:/test_rpg_1225/MyProject_1227/Content/ThirdPersonBP/particles/lizi_02/expole01.uasset" SILENT=true
[2017.01.13-08.23.12:793][334]LogSavePackage: Save=16.34ms
[2017.01.13-08.23.12:793][334]LogSavePackage: Moving 'G:/test_rpg_1225/MyProject_1227/Saved/expole0171A5AA984821F2B1C295F18842607D8E.tmp' to 'G:/test_rpg_1225/MyProject_1227/Content/ThirdPersonBP/particles/lizi_02/expole01.uasset'
[2017.01.13-08.23.12:799][334]LogSavePackage:Display: Finished SavePackage G:/test_rpg_1225/MyProject_1227/Content/ThirdPersonBP/particles/lizi_02/expole01.uasset
[2017.01.13-08.23.12:801][334]MaterialEditorStats: Info Base pass shader without light map: 49 instructions
[2017.01.13-08.23.12:801][334]MaterialEditorStats: Info Vertex shader: 68 instructions
[2017.01.13-08.23.12:801][334]MaterialEditorStats: Info Texture samplers: 7/16
[2017.01.13-08.23.31:005][ 98]LogEditorTransaction: Undo Edit Curve
[2017.01.13-08.23.31:022][ 98]LogMaterial: Missing cached shader map for material expole01, compiling. 
[2017.01.13-08.23.31:027][ 98]LogMaterial: 0.00 seconds spent updating 1 materials, 1 interfaces, 0 instances, 0 with static permutations.
[2017.01.13-08.23.32:259][187]MaterialEditorStats: Info Base pass shader without light map: 25 instructions
[2017.01.13-08.23.32:259][187]MaterialEditorStats: Info Vertex shader: 68 instructions
[2017.01.13-08.23.32:259][187]MaterialEditorStats: Info Texture samplers: 3/16
[2017.01.13-08.23.35:648][528]LogEditorTransaction: Undo Edit Curve
[2017.01.13-08.23.35:665][528]LogMaterial: Missing cached shader map for material expole01, compiling. 
[2017.01.13-08.23.35:669][528]LogMaterial: 0.00 seconds spent updating 1 materials, 1 interfaces, 0 instances, 0 with static permutations.
[2017.01.13-08.23.36:890][619]MaterialEditorStats: Info Base pass shader without light map: 25 instructions
[2017.01.13-08.23.36:890][619]MaterialEditorStats: Info Vertex shader: 68 instructions
[2017.01.13-08.23.36:890][619]MaterialEditorStats: Info Texture samplers: 3/16
[2017.01.13-08.23.55:011][489]LogEditorTransaction: Undo Edit Curve
[2017.01.13-08.23.55:028][489]LogMaterial: Missing cached shader map for material expole01, compiling. 
[2017.01.13-08.23.55:032][489]LogMaterial: 0.00 seconds spent updating 1 materials, 1 interfaces, 0 instances, 0 with static permutations.
[2017.01.13-08.23.56:239][573]MaterialEditorStats: Info Base pass shader without light map: 25 instructions
[2017.01.13-08.23.56:239][573]MaterialEditorStats: Info Vertex shader: 68 instructions
[2017.01.13-08.23.56:239][573]MaterialEditorStats: Info Texture samplers: 3/16
[2017.01.13-08.24.01:513][103]LogEditorTransaction: Undo Edit Curve
[2017.01.13-08.24.01:531][103]LogMaterial: Missing cached shader map for material expole01, compiling. 
[2017.01.13-08.24.01:536][103]LogMaterial: 0.00 seconds spent updating 1 materials, 1 interfaces, 0 instances, 0 with static permutations.
[2017.01.13-08.24.02:750][193]MaterialEditorStats: Info Base pass shader without light map: 25 instructions
[2017.01.13-08.24.02:750][193]MaterialEditorStats: Info Vertex shader: 68 instructions
[2017.01.13-08.24.02:750][193]MaterialEditorStats: Info Texture samplers: 3/16
[2017.01.13-08.24.21:706][238]0.648934
[2017.01.13-08.24.21:718][239]0.672016
[2017.01.13-08.24.21:730][240]0.685287
[2017.01.13-08.24.21:752][242]0.695113
[2017.01.13-08.24.21:764][243]0.718221
[2017.01.13-08.24.21:765][243]0.731544
[2017.01.13-08.24.21:785][245]0.741342
[2017.01.13-08.24.21:807][247]0.797402
[2017.01.13-08.24.21:837][250]0.807208
[2017.01.13-08.24.21:850][251]0.820540
[2017.01.13-08.24.21:862][252]0.863265
[2017.01.13-08.24.21:874][253]0.882901
[2017.01.13-08.24.21:885][254]0.902591
[2017.01.13-08.24.21:897][255]0.912455
[2017.01.13-08.24.21:909][256]0.915838
[2017.01.13-08.24.21:921][257]0.925678
[2017.01.13-08.24.21:933][258]0.945395
[2017.01.13-08.24.21:945][259]0.948775
[2017.01.13-08.24.21:957][260]0.962062
[2017.01.13-08.24.21:977][262]0.971881
[2017.01.13-08.24.22:007][265]0.991555
[2017.01.13-08.24.22:020][266]1.001410
[2017.01.13-08.24.22:020][266]1.014650
[2017.01.13-08.24.22:042][268]1.047587
[2017.01.13-08.24.22:063][270]1.087532
[2017.01.13-08.24.22:083][272]1.097316
[2017.01.13-08.24.22:084][272]1.110682
[2017.01.13-08.24.22:105][274]1.120458
[2017.01.13-08.24.22:116][275]1.143606
[2017.01.13-08.24.22:136][277]1.166760
[2017.01.13-08.24.22:327][298]1.176530
[2017.01.13-08.24.22:339][299]1.183885
[2017.01.13-08.24.22:360][301]1.187683
[2017.01.13-08.24.22:371][302]1.191559
[2017.01.13-08.24.22:372][302]1.195514
[2017.01.13-08.24.22:410][306]1.199546
[2017.01.13-08.24.22:422][307]1.203655
[2017.01.13-08.24.22:433][308]1.207839
[2017.01.13-08.24.22:455][310]1.212099
[2017.01.13-08.24.22:466][311]1.216433
[2017.01.13-08.24.22:478][312]1.211427
[2017.01.13-08.24.22:500][314]1.215942
[2017.01.13-08.24.22:512][315]1.220529
[2017.01.13-08.24.22:523][316]1.215898
[2017.01.13-08.24.22:524][316]1.220663
[2017.01.13-08.24.22:536][317]1.216299
[2017.01.13-08.24.22:548][318]1.212099
[2017.01.13-08.24.22:649][329]1.217146
[2017.01.13-08.24.22:661][330]1.222262
[2017.01.13-08.24.22:673][331]1.227444
[2017.01.13-08.24.22:693][333]1.223726
[2017.01.13-08.24.22:731][337]1.229078
[2017.01.13-08.24.22:762][340]1.234496
[2017.01.13-08.24.22:782][342]1.225631
[2017.01.13-08.24.22:828][347]1.236735
[2017.01.13-08.24.22:848][349]1.242381
[2017.01.13-08.24.22:895][354]1.253857
[2017.01.13-08.24.23:002][366]1.259685
[2017.01.13-08.24.23:112][378]1.271516
[2017.01.13-08.24.23:185][386]1.289691
[2017.01.13-08.24.23:550][427]1.295860
[2017.01.13-08.24.23:569][429]1.302083
[2017.01.13-08.24.23:591][431]1.308360
[2017.01.13-08.24.23:900][466]1.306451
[2017.01.13-08.25.23:815][398]0.992375
[2017.01.13-08.25.23:827][399]0.984306
[2017.01.13-08.25.23:866][403]0.976281
[2017.01.13-08.25.23:896][406]0.968302
[2017.01.13-08.25.23:909][407]0.960369
[2017.01.13-08.25.23:922][408]0.952484
[2017.01.13-08.25.23:934][409]0.937789
[2017.01.13-08.25.23:946][410]0.929946
[2017.01.13-08.25.23:948][410]0.923095
[2017.01.13-08.25.23:961][411]0.915245
[2017.01.13-08.25.23:972][412]0.900545
[2017.01.13-08.25.23:993][414]0.885845
[2017.01.13-08.25.24:005][415]0.871147
[2017.01.13-08.25.24:025][417]0.863327
[2017.01.13-08.25.24:037][418]0.840851
[2017.01.13-08.25.24:060][420]0.826141
[2017.01.13-08.25.24:072][421]0.818421
[2017.01.13-08.25.24:120][426]0.803705
[2017.01.13-08.25.24:141][428]0.788989
[2017.01.13-08.25.24:162][430]0.781319
[2017.01.13-08.25.24:175][431]0.773714
[2017.01.13-08.25.24:519][469]0.781319
[2017.01.13-08.25.24:542][471]0.788989
[2017.01.13-08.25.24:609][478]0.796041
[2017.01.13-08.25.24:630][480]0.803165
[2017.01.13-08.25.24:642][481]0.840206
[2017.01.13-08.25.24:663][483]0.862070
[2017.01.13-08.25.24:728][490]0.884006
[2017.01.13-08.25.24:757][493]0.898736
[2017.01.13-08.25.24:770][494]0.913465
[2017.01.13-08.25.24:799][497]0.920741
[2017.01.13-08.26.33:781][333]0.714586
[2017.01.13-08.26.33:802][335]0.720860
[2017.01.13-08.26.33:897][345]0.729167
[2017.01.13-08.26.34:015][358]0.737526
[2017.01.13-08.26.34:134][371]0.739877
[2017.01.13-08.26.34:146][372]0.748407
[2017.01.13-08.26.34:294][388]0.759846
[2017.01.13-08.26.34:350][394]0.768578
[2017.01.13-08.26.34:380][397]0.762981
[2017.01.13-08.26.34:506][411]0.771818
[2017.01.13-08.26.34:616][423]0.798558
[2017.01.13-08.26.35:607][536]0.816563
[2017.01.13-08.26.35:619][537]0.815566
[2017.01.13-08.26.53:850][407]0.884129
[2017.01.13-08.26.53:925][415]0.873076
[2017.01.13-08.26.53:972][420]0.870836
[2017.01.13-08.26.54:011][424]0.862510
[2017.01.13-08.26.54:051][428]0.854230
[2017.01.13-08.26.54:207][445]0.845998
[2017.01.13-08.26.54:282][453]0.852450
[2017.01.13-08.26.54:564][485]0.844329
[2017.01.13-08.26.54:585][487]0.836258
[2017.01.13-08.26.54:730][503]0.828240
[2017.01.13-08.26.55:476][588]0.836258
[2017.01.13-08.27.03:268][373]Cmd: OBJ SAVEPACKAGE PACKAGE="/Game/ThirdPersonBP/particles/lizi_02/Skill08" FILE="G:/test_rpg_1225/MyProject_1227/Content/ThirdPersonBP/particles/lizi_02/Skill08.uasset" SILENT=true
[2017.01.13-08.27.03:333][373]LogSavePackage: Save=57.78ms
[2017.01.13-08.27.03:333][373]LogSavePackage: Moving 'G:/test_rpg_1225/MyProject_1227/Saved/Skill0841A314D54F588B422DB7188C7EA01E78.tmp' to 'G:/test_rpg_1225/MyProject_1227/Content/ThirdPersonBP/particles/lizi_02/Skill08.uasset'
[2017.01.13-08.27.03:339][373]LogSavePackage:Display: Finished SavePackage G:/test_rpg_1225/MyProject_1227/Content/ThirdPersonBP/particles/lizi_02/Skill08.uasset
[2017.01.13-08.27.05:510][600]Cmd: OBJ SAVEPACKAGE PACKAGE="/Game/ThirdPersonBP/particles/lizi_02/expole01_Inst" FILE="G:/test_rpg_1225/MyProject_1227/Content/ThirdPersonBP/particles/lizi_02/expole01_Inst.uasset" SILENT=true
[2017.01.13-08.27.05:518][600]LogSavePackage: Save=2.78ms
[2017.01.13-08.27.05:518][600]LogSavePackage: Moving 'G:/test_rpg_1225/MyProject_1227/Saved/expole01_Inst4B3D3D864E44B16E0621A69CCF0831CF.tmp' to 'G:/test_rpg_1225/MyProject_1227/Content/ThirdPersonBP/particles/lizi_02/expole01_Inst.uasset'
[2017.01.13-08.27.05:524][600]LogSavePackage:Display: Finished SavePackage G:/test_rpg_1225/MyProject_1227/Content/ThirdPersonBP/particles/lizi_02/expole01_Inst.uasset
[2017.01.13-08.28.07:419][121]LogEditorViewport: Clicking on Actor (LMB): StaticMeshActor (Floor)
[2017.01.13-08.28.38:486][331]Cmd: OBJ SAVEPACKAGE PACKAGE="/Game/ThirdPersonBP/Maps/wx_test_02" FILE="G:/test_rpg_1225/MyProject_1227/Content/ThirdPersonBP/Maps/wx_test_02.umap" SILENT=true AUTOSAVING=false KEEPDIRTY=false
[2017.01.13-08.28.38:751][331]LogSavePackage: Save=237.41ms
[2017.01.13-08.28.38:751][331]LogSavePackage: Moving 'G:/test_rpg_1225/MyProject_1227/Saved/wx_test_02995C39BA47D9025BCFA2958BE1DD7D21.tmp' to 'G:/test_rpg_1225/MyProject_1227/Content/ThirdPersonBP/Maps/wx_test_02.umap'
[2017.01.13-08.28.38:758][331]LogSavePackage:Display: Finished SavePackage G:/test_rpg_1225/MyProject_1227/Content/ThirdPersonBP/Maps/wx_test_02.umap
[2017.01.13-08.28.38:801][331]LogFileHelpers: Saving map 'wx_test_02' took 0.423
[2017.01.13-08.28.38:811][331]Cmd: OBJ SAVEPACKAGE PACKAGE="/Game/ThirdPersonBP/particles/lizi_02/Skill08" FILE="G:/test_rpg_1225/MyProject_1227/Content/ThirdPersonBP/particles/lizi_02/Skill08.uasset" SILENT=true
[2017.01.13-08.28.38:869][331]LogSavePackage: Save=53.25ms
[2017.01.13-08.28.38:869][331]LogSavePackage: Moving 'G:/test_rpg_1225/MyProject_1227/Saved/Skill08AB559BF94D860195E76B3BA10ECD1F36.tmp' to 'G:/test_rpg_1225/MyProject_1227/Content/ThirdPersonBP/particles/lizi_02/Skill08.uasset'
[2017.01.13-08.28.38:875][331]LogSavePackage:Display: Finished SavePackage G:/test_rpg_1225/MyProject_1227/Content/ThirdPersonBP/particles/lizi_02/Skill08.uasset
[2017.01.13-08.28.40:578][508]LogEditorViewport: Clicking on Actor (LMB): Emitter (Skill07)
[2017.01.13-08.28.42:025][631]LogRenderer: Reallocating scene render targets to support 1436x924 (Frame:239508).
[2017.01.13-08.28.42:035][631]LogRenderer: Reallocating scene render targets to support 1616x924 (Frame:239509).
[2017.01.13-08.28.42:045][631]LogRenderer: Reallocating scene render targets to support 1796x924 (Frame:239510).
[2017.01.13-08.28.42:054][631]LogRenderer: Reallocating scene render targets to support 1976x924 (Frame:239511).
[2017.01.13-08.28.42:079][631]LogRenderer: Reallocating scene render targets to support 2156x924 (Frame:239512).
[2017.01.13-08.28.42:087][631]LogRenderer: Reallocating scene render targets to support 2336x924 (Frame:239513).
[2017.01.13-08.28.42:115][631]LogRenderer: Reallocating scene render targets to support 2516x924 (Frame:239514).
[2017.01.13-08.28.42:124][631]LogRenderer: Reallocating scene render targets to support 2696x924 (Frame:239515).
[2017.01.13-08.28.42:151][631]LogRenderer: Reallocating scene render targets to support 2876x924 (Frame:239516).
[2017.01.13-08.28.42:159][631]LogRenderer: Reallocating scene render targets to support 3056x924 (Frame:239517).
[2017.01.13-08.28.42:188][631]LogRenderer: Reallocating scene render targets to support 3236x924 (Frame:239518).
[2017.01.13-08.30.14:273][355]LogMaterial: Missing cached shader map for material Explode, compiling. 
[2017.01.13-08.30.14:379][355]LogMaterial: Missing cached shader map for material Explode, compiling. 
[2017.01.13-08.30.14:386][355]LogMaterial: 0.00 seconds spent updating 1 materials, 1 interfaces, 0 instances, 0 with static permutations.
[2017.01.13-08.30.14:413][355]LogMaterial: Missing cached shader map for material FMatExpressionPreview MaterialExpressionTextureSample_16, compiling. 
[2017.01.13-08.30.14:418][355]LogMaterial: Missing cached shader map for material FMatExpressionPreview MaterialExpressionDepthFade_4, compiling. 
[2017.01.13-08.30.16:289][483]MaterialEditorStats: Info Base pass shader without light map: 28 instructions
[2017.01.13-08.30.16:289][483]MaterialEditorStats: Info Vertex shader: 68 instructions
[2017.01.13-08.30.16:289][483]MaterialEditorStats: Info Texture samplers: 3/16
[2017.01.13-08.31.39:563][807]LogMaterialEditor: Saving and Compiling material Explode
[2017.01.13-08.31.40:007][807]LogMaterial: Missing cached shader map for material Explode, compiling. 
[2017.01.13-08.31.40:021][807]LogMaterial: 0.00 seconds spent updating 1 materials, 1 interfaces, 0 instances, 0 with static permutations.
[2017.01.13-08.31.40:054][807]LogMaterial: Missing cached shader map for material Explode, compiling. 
[2017.01.13-08.31.40:071][807]LogMaterial: Missing cached shader map for material Explode, compiling. 
[2017.01.13-08.31.40:082][807]LogMaterial: 0.00 seconds spent updating 1 materials, 1 interfaces, 0 instances, 0 with static permutations.
[2017.01.13-08.31.43:023][807]Cmd: OBJ SAVEPACKAGE PACKAGE="/Game/MagicRoom/Skill/Skill07/Explode" FILE="G:/test_rpg_1225/MyProject_1227/Content/MagicRoom/Skill/Skill07/Explode.uasset" SILENT=true
[2017.01.13-08.31.43:046][807]LogSavePackage: Save=15.55ms
[2017.01.13-08.31.43:046][807]LogSavePackage: Moving 'G:/test_rpg_1225/MyProject_1227/Saved/Explode2CFDF2B741F1473BDEE8599BCCFDD551.tmp' to 'G:/test_rpg_1225/MyProject_1227/Content/MagicRoom/Skill/Skill07/Explode.uasset'
[2017.01.13-08.31.43:052][807]LogSavePackage:Display: Finished SavePackage G:/test_rpg_1225/MyProject_1227/Content/MagicRoom/Skill/Skill07/Explode.uasset
[2017.01.13-08.31.43:055][807]MaterialEditorStats: Info Base pass shader without light map: 49 instructions
[2017.01.13-08.31.43:055][807]MaterialEditorStats: Info Vertex shader: 68 instructions
[2017.01.13-08.31.43:055][807]MaterialEditorStats: Info Texture samplers: 3/16
[2017.01.13-08.33.06:776][419]LogMaterialEditor: Saving and Compiling material expole01
[2017.01.13-08.33.07:202][419]LogMaterial: Missing cached shader map for material expole01, compiling. 
[2017.01.13-08.33.07:212][419]LogMaterial: 0.00 seconds spent updating 1 materials, 1 interfaces, 0 instances, 0 with static permutations.
[2017.01.13-08.33.07:241][419]LogMaterial: Missing cached shader map for material expole01, compiling. 
[2017.01.13-08.33.07:257][419]LogMaterial: Missing cached shader map for material expole01, compiling. 
[2017.01.13-08.33.07:270][419]LogMaterial: 0.00 seconds spent updating 1 materials, 1 interfaces, 0 instances, 0 with static permutations.
[2017.01.13-08.33.11:289][419]Cmd: OBJ SAVEPACKAGE PACKAGE="/Game/ThirdPersonBP/particles/lizi_02/expole01" FILE="G:/test_rpg_1225/MyProject_1227/Content/ThirdPersonBP/particles/lizi_02/expole01.uasset" SILENT=true
[2017.01.13-08.33.11:312][419]LogSavePackage: Save=16.29ms
[2017.01.13-08.33.11:312][419]LogSavePackage: Moving 'G:/test_rpg_1225/MyProject_1227/Saved/expole01B8AF9478426A6E8C58D97F9B6DD1315A.tmp' to 'G:/test_rpg_1225/MyProject_1227/Content/ThirdPersonBP/particles/lizi_02/expole01.uasset'
[2017.01.13-08.33.11:318][419]LogSavePackage:Display: Finished SavePackage G:/test_rpg_1225/MyProject_1227/Content/ThirdPersonBP/particles/lizi_02/expole01.uasset
[2017.01.13-08.33.11:322][419]MaterialEditorStats: Info Base pass shader without light map: 49 instructions
[2017.01.13-08.33.11:322][419]MaterialEditorStats: Info Vertex shader: 68 instructions
[2017.01.13-08.33.11:322][419]MaterialEditorStats: Info Texture samplers: 7/16
[2017.01.13-08.35.53:326][603]Cmd: OBJ SAVEPACKAGE PACKAGE="/Game/ThirdPersonBP/particles/lizi_02/Skill08" FILE="G:/test_rpg_1225/MyProject_1227/Content/ThirdPersonBP/particles/lizi_02/Skill08.uasset" SILENT=true
[2017.01.13-08.35.53:388][603]LogSavePackage: Save=53.71ms
[2017.01.13-08.35.53:388][603]LogSavePackage: Moving 'G:/test_rpg_1225/MyProject_1227/Saved/Skill08D0826711436D03AD1C81A39577443602.tmp' to 'G:/test_rpg_1225/MyProject_1227/Content/ThirdPersonBP/particles/lizi_02/Skill08.uasset'
[2017.01.13-08.35.53:394][603]LogSavePackage:Display: Finished SavePackage G:/test_rpg_1225/MyProject_1227/Content/ThirdPersonBP/particles/lizi_02/Skill08.uasset
[2017.01.13-08.35.53:618][625]Cmd: OBJ SAVEPACKAGE PACKAGE="/Game/ThirdPersonBP/particles/lizi_02/Skill08" FILE="G:/test_rpg_1225/MyProject_1227/Content/ThirdPersonBP/particles/lizi_02/Skill08.uasset" SILENT=true
[2017.01.13-08.35.53:669][625]LogSavePackage: Save=45.34ms
[2017.01.13-08.35.53:669][625]LogSavePackage: Moving 'G:/test_rpg_1225/MyProject_1227/Saved/Skill08ADD0F1A041035C21095454AEA0A52C7E.tmp' to 'G:/test_rpg_1225/MyProject_1227/Content/ThirdPersonBP/particles/lizi_02/Skill08.uasset'
[2017.01.13-08.35.53:672][625]LogSavePackage:Display: Finished SavePackage G:/test_rpg_1225/MyProject_1227/Content/ThirdPersonBP/particles/lizi_02/Skill08.uasset
[2017.01.13-08.35.54:035][664]Cmd: OBJ SAVEPACKAGE PACKAGE="/Game/ThirdPersonBP/particles/lizi_02/Skill08" FILE="G:/test_rpg_1225/MyProject_1227/Content/ThirdPersonBP/particles/lizi_02/Skill08.uasset" SILENT=true
[2017.01.13-08.35.54:086][664]LogSavePackage: Save=45.62ms
[2017.01.13-08.35.54:086][664]LogSavePackage: Moving 'G:/test_rpg_1225/MyProject_1227/Saved/Skill087612414847FA19BE75E9578B59BEEEF6.tmp' to 'G:/test_rpg_1225/MyProject_1227/Content/ThirdPersonBP/particles/lizi_02/Skill08.uasset'
[2017.01.13-08.35.54:089][664]LogSavePackage:Display: Finished SavePackage G:/test_rpg_1225/MyProject_1227/Content/ThirdPersonBP/particles/lizi_02/Skill08.uasset
[2017.01.13-08.38.39:418][355]LogSavePackage: Save=247.29ms
[2017.01.13-08.38.39:418][355]LogSavePackage: Moving 'G:/test_rpg_1225/MyProject_1227/Saved/wx_test_02_Auto2EA55E1AF4B4AF8489C1B3A87CD06CDC9.tmp' to 'G:/test_rpg_1225/MyProject_1227/Saved/Autosaves/Game/ThirdPersonBP/Maps/wx_test_02_Auto2.umap'
[2017.01.13-08.38.39:421][355]LogSavePackage:Display: Finished SavePackage G:/test_rpg_1225/MyProject_1227/Saved/Autosaves/Game/ThirdPersonBP/Maps/wx_test_02_Auto2.umap
[2017.01.13-08.38.39:424][355]LogFileHelpers: Editor autosave (incl. sublevels) for '/Game/ThirdPersonBP/Maps/wx_test_02' took 0.284
[2017.01.13-08.38.39:424][355]LogFileHelpers: Editor autosave (incl. sublevels) for all levels took 0.284
[2017.01.13-08.40.29:065][106]Cmd: OBJ SAVEPACKAGE PACKAGE="/Game/ThirdPersonBP/Maps/wx_test_02" FILE="G:/test_rpg_1225/MyProject_1227/Content/ThirdPersonBP/Maps/wx_test_02.umap" SILENT=true AUTOSAVING=false KEEPDIRTY=false
[2017.01.13-08.40.29:331][106]LogSavePackage: Save=249.16ms
[2017.01.13-08.40.29:331][106]LogSavePackage: Moving 'G:/test_rpg_1225/MyProject_1227/Saved/wx_test_028DFB21DA4064BDF9E52DE38DCA352993.tmp' to 'G:/test_rpg_1225/MyProject_1227/Content/ThirdPersonBP/Maps/wx_test_02.umap'
[2017.01.13-08.40.29:337][106]LogSavePackage:Display: Finished SavePackage G:/test_rpg_1225/MyProject_1227/Content/ThirdPersonBP/Maps/wx_test_02.umap
[2017.01.13-08.40.29:378][106]LogFileHelpers: Saving map 'wx_test_02' took 0.421
[2017.01.13-08.40.29:946][166]LogCascade: Quitting Cascade. FXSystem=0x0000000048AF1A80
[2017.01.13-08.40.30:207][166]LogCascade: Quitting Cascade. FXSystem=0x000000003A057E20
[2017.01.13-08.40.30:228][166]LogActorComponent: UnregisterComponent: (/Engine/Transient.FloorComponent) Not registered. Aborting.
[2017.01.13-08.40.30:834][179]Cmd: QUIT_EDITOR
[2017.01.13-08.40.30:912][179]LogExit: Preparing to exit.
[2017.01.13-08.40.31:154][179]LogExit: Editor shut down
[2017.01.13-08.40.31:154][179]LogExit: Transaction tracking system shut down
[2017.01.13-08.40.31:279][179]LogObj: Freed 0b from 0 cluster array pools.
[2017.01.13-08.40.31:279][179]LogExit: Object subsystem successfully closed.
[2017.01.13-08.40.31:293][179]LogD3D11RHI: Shutdown
[2017.01.13-08.40.31:293][179]LogD3D11RHI: CleanupD3DDevice
[2017.01.13-08.40.31:376][179]LogD3D11RHI: ~FD3D11DynamicRHI
[2017.01.13-08.40.31:382][179]LogModuleManager: Shutting down and abandoning module MaterialEditor (219)
[2017.01.13-08.40.31:382][179]LogModuleManager: Shutting down and abandoning module DistCurveEditor (218)
[2017.01.13-08.40.31:382][179]LogModuleManager: Shutting down and abandoning module Cascade (217)
[2017.01.13-08.40.31:382][179]LogModuleManager: Shutting down and abandoning module HierarchicalLODOutliner (216)
[2017.01.13-08.40.31:382][179]LogModuleManager: Shutting down and abandoning module CrashTracker (215)
[2017.01.13-08.40.31:382][179]LogModuleManager: Shutting down and abandoning module SceneOutliner (214)
[2017.01.13-08.40.31:382][179]LogModuleManager: Shutting down and abandoning module WidgetCarousel (213)
[2017.01.13-08.40.31:382][179]LogModuleManager: Shutting down and abandoning module AddContentDialog (212)
[2017.01.13-08.40.31:383][179]LogModuleManager: Shutting down and abandoning module GameplayTags (211)
[2017.01.13-08.40.31:383][179]LogModuleManager: Shutting down and abandoning module EditorWidgets (210)
[2017.01.13-08.40.31:383][179]LogModuleManager: Shutting down and abandoning module CollectionManager (209)
[2017.01.13-08.40.31:383][179]LogModuleManager: Shutting down and abandoning module StatsViewer (208)
[2017.01.13-08.40.31:384][179]LogModuleManager: Shutting down and abandoning module FoliageEdit (207)
[2017.01.13-08.40.31:384][179]LogModuleManager: Shutting down and abandoning module LandscapeEditor (206)
[2017.01.13-08.40.31:384][179]LogModuleManager: Shutting down and abandoning module SceneDepthPickerMode (205)
[2017.01.13-08.40.31:384][179]LogModuleManager: Shutting down and abandoning module ActorPickerMode (204)
[2017.01.13-08.40.31:384][179]LogModuleManager: Shutting down and abandoning module GeometryMode (203)
[2017.01.13-08.40.31:384][179]LogModuleManager: Shutting down and abandoning module TextureAlignMode (202)
[2017.01.13-08.40.31:384][179]LogModuleManager: Shutting down and abandoning module BspMode (201)
[2017.01.13-08.40.31:384][179]LogModuleManager: Shutting down and abandoning module HardwareSurvey (200)
[2017.01.13-08.40.31:384][179]LogModuleManager: Shutting down and abandoning module SequenceRecorderSections (199)
[2017.01.13-08.40.31:384][179]LogModuleManager: Shutting down and abandoning module SequenceRecorder (198)
[2017.01.13-08.40.31:384][179]LogModuleManager: Shutting down and abandoning module AutomationWorker (197)
[2017.01.13-08.40.31:384][179]LogModuleManager: Shutting down and abandoning module MatineeToLevelSequence (196)
[2017.01.13-08.40.31:384][179]LogModuleManager: Shutting down and abandoning module PlacementMode (195)
[2017.01.13-08.40.31:384][179]LogModuleManager: Shutting down and abandoning module LevelSequenceEditor (194)
[2017.01.13-08.40.31:384][179]LogModuleManager: Shutting down and abandoning module CharacterAI (193)
[2017.01.13-08.40.31:384][179]LogModuleManager: Shutting down and abandoning module SmartSnapping (192)
[2017.01.13-08.40.31:384][179]LogModuleManager: Shutting down and abandoning module SessionServices (191)
[2017.01.13-08.40.31:384][179]LogModuleManager: Shutting down and abandoning module ViewportSnapping (190)
[2017.01.13-08.40.31:384][179]LogModuleManager: Shutting down and abandoning module LogVisualizer (189)
[2017.01.13-08.40.31:384][179]LogModuleManager: Shutting down and abandoning module GameProjectGeneration (188)
[2017.01.13-08.40.31:384][179]LogModuleManager: Shutting down and abandoning module IntroTutorials (187)
[2017.01.13-08.40.31:384][179]LogModuleManager: Shutting down and abandoning module EditorLiveStreaming (186)
[2017.01.13-08.40.31:384][179]LogModuleManager: Shutting down and abandoning module IOSPlatformEditor (185)
[2017.01.13-08.40.31:384][179]LogModuleManager: Shutting down and abandoning module HTML5PlatformEditor (184)
[2017.01.13-08.40.31:384][179]LogModuleManager: Shutting down and abandoning module AndroidDeviceDetection (183)
[2017.01.13-08.40.31:886][179]LogModuleManager: Shutting down and abandoning module AndroidPlatformEditor (182)
[2017.01.13-08.40.31:886][179]LogModuleManager: Shutting down and abandoning module IOSRuntimeSettings (181)
[2017.01.13-08.40.31:886][179]LogModuleManager: Shutting down and abandoning module AndroidRuntimeSettings (180)
[2017.01.13-08.40.31:886][179]LogModuleManager: Shutting down and abandoning module MergeActors (179)
[2017.01.13-08.40.31:886][179]LogModuleManager: Shutting down and abandoning module SizeMap (178)
[2017.01.13-08.40.31:886][179]LogModuleManager: Shutting down and abandoning module TreeMap (177)
[2017.01.13-08.40.31:886][179]LogModuleManager: Shutting down and abandoning module ReferenceViewer (176)
[2017.01.13-08.40.31:886][179]LogModuleManager: Shutting down and abandoning module LocalizationService (175)
[2017.01.13-08.40.31:886][179]LogModuleManager: Shutting down and abandoning module LocalizationDashboard (174)
[2017.01.13-08.40.31:886][179]LogModuleManager: Shutting down and abandoning module HardwareTargeting (173)
[2017.01.13-08.40.31:886][179]LogModuleManager: Shutting down and abandoning module DeviceProfileEditor (172)
[2017.01.13-08.40.31:886][179]LogModuleManager: Shutting down and abandoning module UndoHistory (171)
[2017.01.13-08.40.31:886][179]LogModuleManager: Shutting down and abandoning module UserFeedback (170)
[2017.01.13-08.40.31:887][179]LogModuleManager: Shutting down and abandoning module XmlParser (169)
[2017.01.13-08.40.31:887][179]LogModuleManager: Shutting down and abandoning module Blutility (168)
[2017.01.13-08.40.31:887][179]LogModuleManager: Shutting down and abandoning module ProjectTargetPlatformEditor (167)
[2017.01.13-08.40.31:887][179]LogModuleManager: Shutting down and abandoning module ProjectSettingsViewer (166)
[2017.01.13-08.40.31:887][179]LogModuleManager: Shutting down and abandoning module InputBindingEditor (165)
[2017.01.13-08.40.31:887][179]LogModuleManager: Shutting down and abandoning module EditorSettingsViewer (164)
[2017.01.13-08.40.31:887][179]LogModuleManager: Shutting down and abandoning module SettingsEditor (163)
[2017.01.13-08.40.31:887][179]LogModuleManager: Shutting down and abandoning module ProjectLauncher (162)
[2017.01.13-08.40.31:887][179]LogModuleManager: Shutting down and abandoning module SessionFrontend (161)
[2017.01.13-08.40.31:887][179]LogModuleManager: Shutting down and abandoning module ProfilerClient (160)
[2017.01.13-08.40.31:887][179]LogModuleManager: Shutting down and abandoning module TargetDeviceServices (159)
[2017.01.13-08.40.31:887][179]LogModuleManager: Shutting down and abandoning module DeviceManager (158)
[2017.01.13-08.40.31:928][179]LogModuleManager: Shutting down and abandoning module AutomationController (157)
[2017.01.13-08.40.31:928][179]LogModuleManager: Shutting down and abandoning module AutomationWindow (156)
[2017.01.13-08.40.31:928][179]LogModuleManager: Shutting down and abandoning module Layers (155)
[2017.01.13-08.40.31:928][179]LogModuleManager: Shutting down and abandoning module ComponentVisualizers (154)
[2017.01.13-08.40.31:928][179]LogModuleManager: Shutting down and abandoning module DetailCustomizations (153)
[2017.01.13-08.40.31:928][179]LogModuleManager: Shutting down and abandoning module PackagesDialog (152)
[2017.01.13-08.40.31:928][179]LogModuleManager: Shutting down and abandoning module Persona (151)
[2017.01.13-08.40.31:928][179]LogModuleManager: Shutting down and abandoning module Kismet (150)
[2017.01.13-08.40.31:928][179]LogModuleManager: Shutting down and abandoning module GraphEditor (149)
[2017.01.13-08.40.31:928][179]LogModuleManager: Shutting down and abandoning module ClassViewer (148)
[2017.01.13-08.40.31:928][179]LogModuleManager: Shutting down and abandoning module Toolbox (147)
[2017.01.13-08.40.31:928][179]LogModuleManager: Shutting down and abandoning module ModuleUI (146)
[2017.01.13-08.40.31:928][179]LogModuleManager: Shutting down and abandoning module MovieSceneTools (145)
[2017.01.13-08.40.31:928][179]LogModuleManager: Shutting down and abandoning module OutputLog (144)
[2017.01.13-08.40.31:928][179]LogModuleManager: Shutting down and abandoning module GammaUI (143)
[2017.01.13-08.40.31:928][179]LogModuleManager: Shutting down and abandoning module Documentation (142)
[2017.01.13-08.40.31:929][179]LogModuleManager: Shutting down and abandoning module StreamingPauseRendering (141)
[2017.01.13-08.40.31:929][179]LogModuleManager: Shutting down and abandoning module AnalyticsET (140)
[2017.01.13-08.40.31:929][179]LogModuleManager: Shutting down and abandoning module Analytics (139)
[2017.01.13-08.40.31:929][179]LogModuleManager: Shutting down and abandoning module PortalServices (138)
[2017.01.13-08.40.31:929][179]LogModuleManager: Shutting down and abandoning module PortalRpc (137)
[2017.01.13-08.40.31:929][179]LogModuleManager: Shutting down and abandoning module MessagingRpc (136)
[2017.01.13-08.40.31:929][179]LogModuleManager: Shutting down and abandoning module GameplayDebugger (135)
[2017.01.13-08.40.31:929][179]LogModuleManager: Shutting down and abandoning module AITestSuite (134)
[2017.01.13-08.40.31:929][179]LogModuleManager: Shutting down and abandoning module AIModule (133)
[2017.01.13-08.40.31:929][179]LogModuleManager: Shutting down and abandoning module ProfilerService (132)
[2017.01.13-08.40.32:035][179]LogModuleManager: Shutting down and abandoning module TaskGraph (131)
[2017.01.13-08.40.32:035][179]LogModuleManager: Shutting down and abandoning module SubstanceEditor (130)
[2017.01.13-08.40.32:035][179]LogModuleManager: Shutting down and abandoning module SlateRemote (129)
[2017.01.13-08.40.32:035][179]LogModuleManager: Shutting down and abandoning module SteamVRController (128)
[2017.01.13-08.40.32:035][179]LogModuleManager: Shutting down and abandoning module SteamVR (127)
[2017.01.13-08.40.32:035][179]LogModuleManager: Shutting down and abandoning module ProceduralMeshComponent (126)
[2017.01.13-08.40.32:035][179]LogModuleManager: Shutting down and abandoning module OculusLibrary (125)
[2017.01.13-08.40.32:035][179]LogModuleManager: Shutting down and abandoning module OculusInput (124)
[2017.01.13-08.40.32:035][179]LogModuleManager: Shutting down and abandoning module CustomMeshComponent (123)
[2017.01.13-08.40.32:035][179]LogModuleManager: Shutting down and abandoning module CableComponent (122)
[2017.01.13-08.40.32:036][179]LogModuleManager: Shutting down and abandoning module ArchVisCharacter (121)
[2017.01.13-08.40.32:036][179]LogModuleManager: Shutting down and abandoning module PakContent (120)
[2017.01.13-08.40.32:036][179]LogModuleManager: Shutting down and abandoning module MediaPlayerEditor (119)
[2017.01.13-08.40.32:036][179]LogModuleManager: Shutting down and abandoning module HTML5Networking (118)
[2017.01.13-08.40.32:036][179]LogModuleManager: Shutting down and abandoning module SuperSearch (117)
[2017.01.13-08.40.32:036][179]LogModuleManager: Shutting down and abandoning module SuperSearchEditor (116)
[2017.01.13-08.40.32:036][179]LogModuleManager: Shutting down and abandoning module SpeedTreeImporter (115)
[2017.01.13-08.40.32:036][179]LogModuleManager: Shutting down and abandoning module PluginBrowser (114)
[2017.01.13-08.40.32:036][179]LogModuleManager: Shutting down and abandoning module EpicSurvey (113)
[2017.01.13-08.40.32:036][179]LogModuleManager: Shutting down and abandoning module DesktopPlatform (112)
[2017.01.13-08.40.32:036][179]LogModuleManager: Shutting down and abandoning module VisualStudioSourceCodeAccess (111)
[2017.01.13-08.40.32:036][179]LogModuleManager: Shutting down and abandoning module UObjectPlugin (110)
[2017.01.13-08.40.32:036][179]LogModuleManager: Shutting down and abandoning module SubversionSourceControl (109)
[2017.01.13-08.40.32:036][179]LogModuleManager: Shutting down and abandoning module PerforceSourceControl (108)
[2017.01.13-08.40.32:036][179]LogModuleManager: Shutting down and abandoning module SourceControl (107)
[2017.01.13-08.40.32:036][179]LogModuleManager: Shutting down and abandoning module GitSourceControl (106)
[2017.01.13-08.40.32:036][179]LogModuleManager: Shutting down and abandoning module LightPropagationVolumeEditor (105)
[2017.01.13-08.40.32:036][179]LogModuleManager: Shutting down and abandoning module PaperTiledImporter (104)
[2017.01.13-08.40.32:036][179]LogModuleManager: Shutting down and abandoning module PaperSpriteSheetImporter (103)
[2017.01.13-08.40.32:036][179]LogModuleManager: Shutting down and abandoning module MeshPaint (102)
[2017.01.13-08.40.32:036][179]LogModuleManager: Shutting down and abandoning module PixelInspectorModule (101)
[2017.01.13-08.40.32:036][179]LogModuleManager: Shutting down and abandoning module HotReload (100)
[2017.01.13-08.40.32:038][179]LogModuleManager: Shutting down and abandoning module MainFrame (99)
[2017.01.13-08.40.32:038][179]LogModuleManager: Shutting down and abandoning module LevelEditor (98)
[2017.01.13-08.40.32:039][179]LogModuleManager: Shutting down and abandoning module ContentBrowser (97)
[2017.01.13-08.40.32:040][179]LogModuleManager: Shutting down and abandoning module Paper2DEditor (96)
[2017.01.13-08.40.32:040][179]LogModuleManager: Shutting down and abandoning module UdpMessaging (95)
[2017.01.13-08.40.32:140][179]LogModuleManager: Shutting down and abandoning module SubstanceCore (94)
[2017.01.13-08.40.32:140][179]LogModuleManager: Shutting down and abandoning module LightPropagationVolumeRuntime (93)
[2017.01.13-08.40.32:140][179]LogModuleManager: Shutting down and abandoning module Paper2D (92)
[2017.01.13-08.40.32:140][179]LogModuleManager: Shutting down and abandoning module WindowsMoviePlayer (91)
[2017.01.13-08.40.32:140][179]LogModuleManager: Shutting down and abandoning module Media (90)
[2017.01.13-08.40.32:140][179]LogModuleManager: Shutting down and abandoning module WmfMedia (89)
[2017.01.13-08.40.32:140][179]LogModuleManager: Shutting down and abandoning module MediaAssets (88)
[2017.01.13-08.40.32:140][179]LogModuleManager: Shutting down and abandoning module GameLiveStreaming (87)
[2017.01.13-08.40.32:140][179]LogModuleManager: Shutting down and abandoning module GameplayTagsEditor (86)
[2017.01.13-08.40.32:140][179]LogModuleManager: Shutting down and abandoning module OnlineBlueprintSupport (85)
[2017.01.13-08.40.32:140][179]LogModuleManager: Shutting down and abandoning module VREditor (84)
[2017.01.13-08.40.32:140][179]LogModuleManager: Shutting down and abandoning module GameplayTasksEditor (83)
[2017.01.13-08.40.32:140][179]LogModuleManager: Shutting down and abandoning module PropertyEditor (82)
[2017.01.13-08.40.32:140][179]LogModuleManager: Shutting down and abandoning module BehaviorTreeEditor (81)
[2017.01.13-08.40.32:140][179]LogModuleManager: Shutting down and abandoning module FunctionalTesting (80)
[2017.01.13-08.40.32:140][179]LogModuleManager: Shutting down and abandoning module CollisionAnalyzer (79)
[2017.01.13-08.40.32:140][179]LogModuleManager: Shutting down and abandoning module Sequencer (78)
[2017.01.13-08.40.32:141][179]LogModuleManager: Shutting down and abandoning module WorkspaceMenuStructure (77)
[2017.01.13-08.40.32:141][179]LogModuleManager: Shutting down and abandoning module MessageLog (76)
[2017.01.13-08.40.32:141][179]LogModuleManager: Shutting down and abandoning module AssetTools (75)
[2017.01.13-08.40.32:141][179]LogModuleManager: Shutting down and abandoning module UMGEditor (74)
[2017.01.13-08.40.32:141][179]LogModuleManager: Shutting down and abandoning module UMG (73)
[2017.01.13-08.40.32:141][179]LogModuleManager: Shutting down and abandoning module SlateReflector (72)
[2017.01.13-08.40.32:141][179]LogModuleManager: Shutting down and abandoning module Slate (71)
[2017.01.13-08.40.32:141][179]LogModuleManager: Shutting down and abandoning module EditorStyle (70)
[2017.01.13-08.40.32:145][179]LogModuleManager: Shutting down and abandoning module SourceCodeAccess (69)
[2017.01.13-08.40.32:145][179]LogModuleManager: Shutting down and abandoning module HeadMountedDisplay (68)
[2017.01.13-08.40.32:145][179]LogModuleManager: Shutting down and abandoning module XAudio2 (67)
[2017.01.13-08.40.32:145][179]LogModuleManager: Shutting down and abandoning module Networking (65)
[2017.01.13-08.40.32:145][179]LogModuleManager: Shutting down and abandoning module Core (64)
[2017.01.13-08.40.32:145][179]LogModuleManager: Shutting down and abandoning module DirectoryWatcher (63)
[2017.01.13-08.40.32:146][179]LogModuleManager: Shutting down and abandoning module AssetRegistry (62)
[2017.01.13-08.40.32:290][179]LogModuleManager: Shutting down and abandoning module KismetCompiler (61)
[2017.01.13-08.40.32:290][179]LogModuleManager: Shutting down and abandoning module PhysXFormats (60)
[2017.01.13-08.40.32:290][179]LogModuleManager: Shutting down and abandoning module MeshUtilities (59)
[2017.01.13-08.40.32:290][179]LogModuleManager: Shutting down and abandoning module DerivedDataCache (58)
[2017.01.13-08.40.32:360][179]LogDerivedDataCache: Shutdown
[2017.01.13-08.40.32:360][179]LogModuleManager: Shutting down and abandoning module VulkanShaderFormat (57)
[2017.01.13-08.40.32:360][179]LogModuleManager: Shutting down and abandoning module ShaderFormatOpenGL (56)
[2017.01.13-08.40.32:360][179]LogModuleManager: Shutting down and abandoning module ShaderFormatD3D (55)
[2017.01.13-08.40.32:360][179]LogModuleManager: Shutting down and abandoning module MetalShaderFormat (54)
[2017.01.13-08.40.32:360][179]LogModuleManager: Shutting down and abandoning module TextureFormatUncompressed (53)
[2017.01.13-08.40.32:360][179]LogModuleManager: Shutting down and abandoning module TextureFormatPVR (52)
[2017.01.13-08.40.32:360][179]LogModuleManager: Shutting down and abandoning module TextureFormatIntelISPCTexComp (51)
[2017.01.13-08.40.32:361][179]LogModuleManager: Shutting down and abandoning module TextureFormatDXT (50)
[2017.01.13-08.40.32:361][179]LogModuleManager: Shutting down and abandoning module ImageWrapper (49)
[2017.01.13-08.40.32:361][179]LogModuleManager: Shutting down and abandoning module TextureFormatASTC (48)
[2017.01.13-08.40.32:361][179]LogModuleManager: Shutting down and abandoning module TextureFormatAndroid (47)
[2017.01.13-08.40.32:361][179]LogModuleManager: Shutting down and abandoning module AudioFormatOpus (46)
[2017.01.13-08.40.32:361][179]LogModuleManager: Shutting down and abandoning module AudioFormatOgg (45)
[2017.01.13-08.40.32:361][179]LogModuleManager: Shutting down and abandoning module AudioFormatADPCM (44)
[2017.01.13-08.40.32:361][179]LogModuleManager: Shutting down and abandoning module LinuxTargetPlatform (43)
[2017.01.13-08.40.32:361][179]LogModuleManager: Shutting down and abandoning module LinuxServerTargetPlatform (42)
[2017.01.13-08.40.32:361][179]LogModuleManager: Shutting down and abandoning module LinuxNoEditorTargetPlatform (41)
[2017.01.13-08.40.32:361][179]LogModuleManager: Shutting down and abandoning module TVOSTargetPlatform (40)
[2017.01.13-08.40.32:361][179]LogModuleManager: Shutting down and abandoning module Messaging (39)
[2017.01.13-08.40.32:361][179]LogModuleManager: Shutting down and abandoning module IOSTargetPlatform (38)
[2017.01.13-08.40.32:361][179]LogModuleManager: Shutting down and abandoning module HTML5TargetPlatform (37)
[2017.01.13-08.40.32:361][179]LogModuleManager: Shutting down and abandoning module Android_PVRTCTargetPlatform (36)
[2017.01.13-08.40.32:362][179]LogModuleManager: Shutting down and abandoning module Android_MultiTargetPlatform (35)
[2017.01.13-08.40.32:362][179]LogModuleManager: Shutting down and abandoning module Android_ETC2TargetPlatform (34)
[2017.01.13-08.40.32:362][179]LogModuleManager: Shutting down and abandoning module Android_ETC1TargetPlatform (33)
[2017.01.13-08.40.32:362][179]LogModuleManager: Shutting down and abandoning module Android_DXTTargetPlatform (32)
[2017.01.13-08.40.32:362][179]LogModuleManager: Shutting down and abandoning module Android_ATCTargetPlatform (31)
[2017.01.13-08.40.32:362][179]LogModuleManager: Shutting down and abandoning module Android_ASTCTargetPlatform (30)
[2017.01.13-08.40.32:362][179]LogModuleManager: Shutting down and abandoning module AndroidTargetPlatform (29)
[2017.01.13-08.40.32:362][179]LogModuleManager: Shutting down and abandoning module WindowsTargetPlatform (28)
[2017.01.13-08.40.32:362][179]LogModuleManager: Shutting down and abandoning module WindowsServerTargetPlatform (27)
[2017.01.13-08.40.32:362][179]LogModuleManager: Shutting down and abandoning module WindowsNoEditorTargetPlatform (26)
[2017.01.13-08.40.32:362][179]LogModuleManager: Shutting down and abandoning module WindowsClientTargetPlatform (25)
[2017.01.13-08.40.32:362][179]LogModuleManager: Shutting down and abandoning module AllDesktopTargetPlatform (24)
[2017.01.13-08.40.32:362][179]LogModuleManager: Shutting down and abandoning module TargetPlatform (23)
[2017.01.13-08.40.32:362][179]LogModuleManager: Shutting down and abandoning module InputCore (22)
[2017.01.13-08.40.32:362][179]LogModuleManager: Shutting down and abandoning module Settings (21)
[2017.01.13-08.40.32:362][179]LogModuleManager: Shutting down and abandoning module OnlineSubsystem (19)
[2017.01.13-08.40.32:362][179]LogModuleManager: Shutting down and abandoning module HTTP (18)
[2017.01.13-08.40.36:362][179]LogModuleManager: Shutting down and abandoning module XMPP (17)
[2017.01.13-08.40.36:362][179]LogModuleManager: Shutting down and abandoning module OculusRift (16)
[2017.01.13-08.40.36:362][179]LogModuleManager: Shutting down and abandoning module ExampleDeviceProfileSelector (15)
[2017.01.13-08.40.36:363][179]LogModuleManager: Shutting down and abandoning module TextureCompressor (14)
[2017.01.13-08.40.36:363][179]LogModuleManager: Shutting down and abandoning module ShaderCore (13)
[2017.01.13-08.40.36:363][179]LogModuleManager: Shutting down and abandoning module Landscape (12)
[2017.01.13-08.40.36:363][179]LogModuleManager: Shutting down and abandoning module SlateRHIRenderer (11)
[2017.01.13-08.40.36:366][179]LogModuleManager: Shutting down and abandoning module OpenGLDrv (10)
[2017.01.13-08.40.36:366][179]LogModuleManager: Shutting down and abandoning module D3D11RHI (9)
[2017.01.13-08.40.36:366][179]LogModuleManager: Shutting down and abandoning module AnimGraphRuntime (8)
[2017.01.13-08.40.36:366][179]LogModuleManager: Shutting down and abandoning module Renderer (7)
[2017.01.13-08.40.36:366][179]LogModuleManager: Shutting down and abandoning module Engine (6)
[2017.01.13-08.40.36:366][179]LogModuleManager: Shutting down and abandoning module CoreUObject (5)
[2017.01.13-08.40.36:366][179]LogModuleManager: Shutting down and abandoning module NetworkFile (4)
[2017.01.13-08.40.36:366][179]LogModuleManager: Shutting down and abandoning module StreamingFile (3)
[2017.01.13-08.40.36:366][179]LogModuleManager: Shutting down and abandoning module SandboxFile (2)
[2017.01.13-08.40.36:366][179]LogModuleManager: Shutting down and abandoning module PakFile (1)
[2017.01.13-08.40.36:369][179]LogExit: Exiting.
[2017.01.13-08.40.36:371][179]Log file closed, 01/13/17 16:40:36
